{"C:\\Users\\emumba\\Documents\\dev-plan\\virtual-table-v2\\apps\\shell\\components\\PatientsPageClient.tsx": {"path":"C:\\Users\\emumba\\Documents\\dev-plan\\virtual-table-v2\\apps\\shell\\components\\PatientsPageClient.tsx","all":true,"statementMap":{"0":{"start":{"line":1,"column":0},"end":{"line":1,"column":79}},"1":{"start":{"line":2,"column":0},"end":{"line":2,"column":43}},"2":{"start":{"line":3,"column":0},"end":{"line":3,"column":79}},"3":{"start":{"line":4,"column":0},"end":{"line":4,"column":70}},"4":{"start":{"line":5,"column":0},"end":{"line":5,"column":78}},"5":{"start":{"line":6,"column":0},"end":{"line":6,"column":2}},"6":{"start":{"line":7,"column":0},"end":{"line":7,"column":63}},"7":{"start":{"line":8,"column":0},"end":{"line":8,"column":65}},"8":{"start":{"line":9,"column":0},"end":{"line":9,"column":85}},"9":{"start":{"line":10,"column":0},"end":{"line":10,"column":60}},"10":{"start":{"line":11,"column":0},"end":{"line":11,"column":51}},"11":{"start":{"line":12,"column":0},"end":{"line":12,"column":2}},"12":{"start":{"line":13,"column":0},"end":{"line":13,"column":23}},"13":{"start":{"line":14,"column":0},"end":{"line":14,"column":78}},"14":{"start":{"line":15,"column":0},"end":{"line":15,"column":62}},"15":{"start":{"line":16,"column":0},"end":{"line":16,"column":68}},"16":{"start":{"line":17,"column":0},"end":{"line":17,"column":46}},"17":{"start":{"line":18,"column":0},"end":{"line":18,"column":46}},"18":{"start":{"line":19,"column":0},"end":{"line":19,"column":57}},"19":{"start":{"line":20,"column":0},"end":{"line":20,"column":2}},"20":{"start":{"line":21,"column":0},"end":{"line":21,"column":31}},"21":{"start":{"line":22,"column":0},"end":{"line":22,"column":76}},"22":{"start":{"line":23,"column":0},"end":{"line":23,"column":62}},"23":{"start":{"line":24,"column":0},"end":{"line":24,"column":46}},"24":{"start":{"line":25,"column":0},"end":{"line":25,"column":45}},"25":{"start":{"line":26,"column":0},"end":{"line":26,"column":79}},"26":{"start":{"line":27,"column":0},"end":{"line":27,"column":0}},"27":{"start":{"line":28,"column":0},"end":{"line":28,"column":13}},"28":{"start":{"line":29,"column":0},"end":{"line":29,"column":0}},"29":{"start":{"line":30,"column":0},"end":{"line":30,"column":65}},"30":{"start":{"line":31,"column":0},"end":{"line":31,"column":71}},"31":{"start":{"line":32,"column":0},"end":{"line":32,"column":58}},"32":{"start":{"line":33,"column":0},"end":{"line":33,"column":52}},"33":{"start":{"line":34,"column":0},"end":{"line":34,"column":55}},"34":{"start":{"line":35,"column":0},"end":{"line":35,"column":54}},"35":{"start":{"line":36,"column":0},"end":{"line":36,"column":13}},"36":{"start":{"line":37,"column":0},"end":{"line":37,"column":16}},"37":{"start":{"line":38,"column":0},"end":{"line":38,"column":13}},"38":{"start":{"line":39,"column":0},"end":{"line":39,"column":12}},"39":{"start":{"line":40,"column":0},"end":{"line":40,"column":13}},"40":{"start":{"line":41,"column":0},"end":{"line":41,"column":33}},"41":{"start":{"line":42,"column":0},"end":{"line":42,"column":0}},"42":{"start":{"line":43,"column":0},"end":{"line":43,"column":79}},"43":{"start":{"line":44,"column":0},"end":{"line":44,"column":25}},"44":{"start":{"line":45,"column":0},"end":{"line":45,"column":79}},"45":{"start":{"line":46,"column":0},"end":{"line":46,"column":0}},"46":{"start":{"line":47,"column":0},"end":{"line":47,"column":42}},"47":{"start":{"line":48,"column":0},"end":{"line":48,"column":5}},"48":{"start":{"line":49,"column":0},"end":{"line":49,"column":48}},"49":{"start":{"line":50,"column":0},"end":{"line":50,"column":78}},"50":{"start":{"line":51,"column":0},"end":{"line":51,"column":5}},"51":{"start":{"line":52,"column":0},"end":{"line":52,"column":54}},"52":{"start":{"line":53,"column":0},"end":{"line":53,"column":66}},"53":{"start":{"line":54,"column":0},"end":{"line":54,"column":5}},"54":{"start":{"line":55,"column":0},"end":{"line":55,"column":16}},"55":{"start":{"line":56,"column":0},"end":{"line":56,"column":26}},"56":{"start":{"line":57,"column":0},"end":{"line":57,"column":18}},"57":{"start":{"line":58,"column":0},"end":{"line":58,"column":4}},"58":{"start":{"line":59,"column":0},"end":{"line":59,"column":1}},"59":{"start":{"line":60,"column":0},"end":{"line":60,"column":0}},"60":{"start":{"line":61,"column":0},"end":{"line":61,"column":79}},"61":{"start":{"line":62,"column":0},"end":{"line":62,"column":37}},"62":{"start":{"line":63,"column":0},"end":{"line":63,"column":79}},"63":{"start":{"line":64,"column":0},"end":{"line":64,"column":0}},"64":{"start":{"line":65,"column":0},"end":{"line":65,"column":64}},"65":{"start":{"line":66,"column":0},"end":{"line":66,"column":2}},"66":{"start":{"line":67,"column":0},"end":{"line":67,"column":16}},"67":{"start":{"line":68,"column":0},"end":{"line":68,"column":54}},"68":{"start":{"line":69,"column":0},"end":{"line":69,"column":61}},"69":{"start":{"line":70,"column":0},"end":{"line":70,"column":63}},"70":{"start":{"line":71,"column":0},"end":{"line":71,"column":61}},"71":{"start":{"line":72,"column":0},"end":{"line":72,"column":58}},"72":{"start":{"line":73,"column":0},"end":{"line":73,"column":2}},"73":{"start":{"line":74,"column":0},"end":{"line":74,"column":22}},"74":{"start":{"line":75,"column":0},"end":{"line":75,"column":72}},"75":{"start":{"line":76,"column":0},"end":{"line":76,"column":61}},"76":{"start":{"line":77,"column":0},"end":{"line":77,"column":2}},"77":{"start":{"line":78,"column":0},"end":{"line":78,"column":16}},"78":{"start":{"line":79,"column":0},"end":{"line":79,"column":53}},"79":{"start":{"line":80,"column":0},"end":{"line":80,"column":48}},"80":{"start":{"line":81,"column":0},"end":{"line":81,"column":56}},"81":{"start":{"line":82,"column":0},"end":{"line":82,"column":74}},"82":{"start":{"line":83,"column":0},"end":{"line":83,"column":76}},"83":{"start":{"line":84,"column":0},"end":{"line":84,"column":80}},"84":{"start":{"line":85,"column":0},"end":{"line":85,"column":28}},"85":{"start":{"line":86,"column":0},"end":{"line":86,"column":0}},"86":{"start":{"line":87,"column":0},"end":{"line":87,"column":79}},"87":{"start":{"line":88,"column":0},"end":{"line":88,"column":24}},"88":{"start":{"line":89,"column":0},"end":{"line":89,"column":79}},"89":{"start":{"line":90,"column":0},"end":{"line":90,"column":0}},"90":{"start":{"line":91,"column":0},"end":{"line":91,"column":86}},"91":{"start":{"line":92,"column":0},"end":{"line":92,"column":79}},"92":{"start":{"line":93,"column":0},"end":{"line":93,"column":27}},"93":{"start":{"line":94,"column":0},"end":{"line":94,"column":79}},"94":{"start":{"line":95,"column":0},"end":{"line":95,"column":71}},"95":{"start":{"line":96,"column":0},"end":{"line":96,"column":55}},"96":{"start":{"line":97,"column":0},"end":{"line":97,"column":0}},"97":{"start":{"line":98,"column":0},"end":{"line":98,"column":79}},"98":{"start":{"line":99,"column":0},"end":{"line":99,"column":68}},"99":{"start":{"line":100,"column":0},"end":{"line":100,"column":79}},"100":{"start":{"line":101,"column":0},"end":{"line":101,"column":72}},"101":{"start":{"line":102,"column":0},"end":{"line":102,"column":85}},"102":{"start":{"line":103,"column":0},"end":{"line":103,"column":85}},"103":{"start":{"line":104,"column":0},"end":{"line":104,"column":78}},"104":{"start":{"line":105,"column":0},"end":{"line":105,"column":66}},"105":{"start":{"line":106,"column":0},"end":{"line":106,"column":0}},"106":{"start":{"line":107,"column":0},"end":{"line":107,"column":66}},"107":{"start":{"line":108,"column":0},"end":{"line":108,"column":75}},"108":{"start":{"line":109,"column":0},"end":{"line":109,"column":58}},"109":{"start":{"line":110,"column":0},"end":{"line":110,"column":48}},"110":{"start":{"line":111,"column":0},"end":{"line":111,"column":58}},"111":{"start":{"line":112,"column":0},"end":{"line":112,"column":0}},"112":{"start":{"line":113,"column":0},"end":{"line":113,"column":32}},"113":{"start":{"line":114,"column":0},"end":{"line":114,"column":75}},"114":{"start":{"line":115,"column":0},"end":{"line":115,"column":60}},"115":{"start":{"line":116,"column":0},"end":{"line":116,"column":56}},"116":{"start":{"line":117,"column":0},"end":{"line":117,"column":86}},"117":{"start":{"line":118,"column":0},"end":{"line":118,"column":0}},"118":{"start":{"line":119,"column":0},"end":{"line":119,"column":24}},"119":{"start":{"line":120,"column":0},"end":{"line":120,"column":77}},"120":{"start":{"line":121,"column":0},"end":{"line":121,"column":62}},"121":{"start":{"line":122,"column":0},"end":{"line":122,"column":69}},"122":{"start":{"line":123,"column":0},"end":{"line":123,"column":78}},"123":{"start":{"line":124,"column":0},"end":{"line":124,"column":64}},"124":{"start":{"line":125,"column":0},"end":{"line":125,"column":0}},"125":{"start":{"line":126,"column":0},"end":{"line":126,"column":23}},"126":{"start":{"line":127,"column":0},"end":{"line":127,"column":70}},"127":{"start":{"line":128,"column":0},"end":{"line":128,"column":53}},"128":{"start":{"line":129,"column":0},"end":{"line":129,"column":0}},"129":{"start":{"line":130,"column":0},"end":{"line":130,"column":36}},"130":{"start":{"line":131,"column":0},"end":{"line":131,"column":64}},"131":{"start":{"line":132,"column":0},"end":{"line":132,"column":61}},"132":{"start":{"line":133,"column":0},"end":{"line":133,"column":71}},"133":{"start":{"line":134,"column":0},"end":{"line":134,"column":61}},"134":{"start":{"line":135,"column":0},"end":{"line":135,"column":36}},"135":{"start":{"line":136,"column":0},"end":{"line":136,"column":46}},"136":{"start":{"line":137,"column":0},"end":{"line":137,"column":62}},"137":{"start":{"line":138,"column":0},"end":{"line":138,"column":56}},"138":{"start":{"line":139,"column":0},"end":{"line":139,"column":0}},"139":{"start":{"line":140,"column":0},"end":{"line":140,"column":58}},"140":{"start":{"line":141,"column":0},"end":{"line":141,"column":87}},"141":{"start":{"line":142,"column":0},"end":{"line":142,"column":82}},"142":{"start":{"line":143,"column":0},"end":{"line":143,"column":87}},"143":{"start":{"line":144,"column":0},"end":{"line":144,"column":54}},"144":{"start":{"line":145,"column":0},"end":{"line":145,"column":0}},"145":{"start":{"line":146,"column":0},"end":{"line":146,"column":78}},"146":{"start":{"line":147,"column":0},"end":{"line":147,"column":68}},"147":{"start":{"line":148,"column":0},"end":{"line":148,"column":0}},"148":{"start":{"line":149,"column":0},"end":{"line":149,"column":79}},"149":{"start":{"line":150,"column":0},"end":{"line":150,"column":37}},"150":{"start":{"line":151,"column":0},"end":{"line":151,"column":79}},"151":{"start":{"line":152,"column":0},"end":{"line":152,"column":57}},"152":{"start":{"line":153,"column":0},"end":{"line":153,"column":77}},"153":{"start":{"line":154,"column":0},"end":{"line":154,"column":56}},"154":{"start":{"line":155,"column":0},"end":{"line":155,"column":61}},"155":{"start":{"line":156,"column":0},"end":{"line":156,"column":61}},"156":{"start":{"line":157,"column":0},"end":{"line":157,"column":0}},"157":{"start":{"line":158,"column":0},"end":{"line":158,"column":79}},"158":{"start":{"line":159,"column":0},"end":{"line":159,"column":31}},"159":{"start":{"line":160,"column":0},"end":{"line":160,"column":79}},"160":{"start":{"line":161,"column":0},"end":{"line":161,"column":81}},"161":{"start":{"line":162,"column":0},"end":{"line":162,"column":55}},"162":{"start":{"line":163,"column":0},"end":{"line":163,"column":48}},"163":{"start":{"line":164,"column":0},"end":{"line":164,"column":66}},"164":{"start":{"line":165,"column":0},"end":{"line":165,"column":0}},"165":{"start":{"line":166,"column":0},"end":{"line":166,"column":51}},"166":{"start":{"line":167,"column":0},"end":{"line":167,"column":19}},"167":{"start":{"line":168,"column":0},"end":{"line":168,"column":43}},"168":{"start":{"line":169,"column":0},"end":{"line":169,"column":49}},"169":{"start":{"line":170,"column":0},"end":{"line":170,"column":7}},"170":{"start":{"line":171,"column":0},"end":{"line":171,"column":52}},"171":{"start":{"line":172,"column":0},"end":{"line":172,"column":47}},"172":{"start":{"line":173,"column":0},"end":{"line":173,"column":33}},"173":{"start":{"line":174,"column":0},"end":{"line":174,"column":0}},"174":{"start":{"line":175,"column":0},"end":{"line":175,"column":79}},"175":{"start":{"line":176,"column":0},"end":{"line":176,"column":43}},"176":{"start":{"line":177,"column":0},"end":{"line":177,"column":79}},"177":{"start":{"line":178,"column":0},"end":{"line":178,"column":62}},"178":{"start":{"line":179,"column":0},"end":{"line":179,"column":78}},"179":{"start":{"line":180,"column":0},"end":{"line":180,"column":19}},"180":{"start":{"line":181,"column":0},"end":{"line":181,"column":57}},"181":{"start":{"line":182,"column":0},"end":{"line":182,"column":0}},"182":{"start":{"line":183,"column":0},"end":{"line":183,"column":54}},"183":{"start":{"line":184,"column":0},"end":{"line":184,"column":64}},"184":{"start":{"line":185,"column":0},"end":{"line":185,"column":40}},"185":{"start":{"line":186,"column":0},"end":{"line":186,"column":47}},"186":{"start":{"line":187,"column":0},"end":{"line":187,"column":26}},"187":{"start":{"line":188,"column":0},"end":{"line":188,"column":36}},"188":{"start":{"line":189,"column":0},"end":{"line":189,"column":47}},"189":{"start":{"line":190,"column":0},"end":{"line":190,"column":42}},"190":{"start":{"line":191,"column":0},"end":{"line":191,"column":12}},"191":{"start":{"line":192,"column":0},"end":{"line":192,"column":0}},"192":{"start":{"line":193,"column":0},"end":{"line":193,"column":54}},"193":{"start":{"line":194,"column":0},"end":{"line":194,"column":41}},"194":{"start":{"line":195,"column":0},"end":{"line":195,"column":55}},"195":{"start":{"line":196,"column":0},"end":{"line":196,"column":0}},"196":{"start":{"line":197,"column":0},"end":{"line":197,"column":79}},"197":{"start":{"line":198,"column":0},"end":{"line":198,"column":35}},"198":{"start":{"line":199,"column":0},"end":{"line":199,"column":79}},"199":{"start":{"line":200,"column":0},"end":{"line":200,"column":78}},"200":{"start":{"line":201,"column":0},"end":{"line":201,"column":27}},"201":{"start":{"line":202,"column":0},"end":{"line":202,"column":4}},"202":{"start":{"line":203,"column":0},"end":{"line":203,"column":20}},"203":{"start":{"line":204,"column":0},"end":{"line":204,"column":52}},"204":{"start":{"line":205,"column":0},"end":{"line":205,"column":71}},"205":{"start":{"line":206,"column":0},"end":{"line":206,"column":63}},"206":{"start":{"line":207,"column":0},"end":{"line":207,"column":45}},"207":{"start":{"line":208,"column":0},"end":{"line":208,"column":24}},"208":{"start":{"line":209,"column":0},"end":{"line":209,"column":66}},"209":{"start":{"line":210,"column":0},"end":{"line":210,"column":68}},"210":{"start":{"line":211,"column":0},"end":{"line":211,"column":37}},"211":{"start":{"line":212,"column":0},"end":{"line":212,"column":4}},"212":{"start":{"line":213,"column":0},"end":{"line":213,"column":67}},"213":{"start":{"line":214,"column":0},"end":{"line":214,"column":86}},"214":{"start":{"line":215,"column":0},"end":{"line":215,"column":42}},"215":{"start":{"line":216,"column":0},"end":{"line":216,"column":23}},"216":{"start":{"line":217,"column":0},"end":{"line":217,"column":23}},"217":{"start":{"line":218,"column":0},"end":{"line":218,"column":34}},"218":{"start":{"line":219,"column":0},"end":{"line":219,"column":33}},"219":{"start":{"line":220,"column":0},"end":{"line":220,"column":32}},"220":{"start":{"line":221,"column":0},"end":{"line":221,"column":72}},"221":{"start":{"line":222,"column":0},"end":{"line":222,"column":8}},"222":{"start":{"line":223,"column":0},"end":{"line":223,"column":9}},"223":{"start":{"line":224,"column":0},"end":{"line":224,"column":32}},"224":{"start":{"line":225,"column":0},"end":{"line":225,"column":23}},"225":{"start":{"line":226,"column":0},"end":{"line":226,"column":21}},"226":{"start":{"line":227,"column":0},"end":{"line":227,"column":0}},"227":{"start":{"line":228,"column":0},"end":{"line":228,"column":61}},"228":{"start":{"line":229,"column":0},"end":{"line":229,"column":40}},"229":{"start":{"line":230,"column":0},"end":{"line":230,"column":14}},"230":{"start":{"line":231,"column":0},"end":{"line":231,"column":15}},"231":{"start":{"line":232,"column":0},"end":{"line":232,"column":13}},"232":{"start":{"line":233,"column":0},"end":{"line":233,"column":14}},"233":{"start":{"line":234,"column":0},"end":{"line":234,"column":34}},"234":{"start":{"line":235,"column":0},"end":{"line":235,"column":9}},"235":{"start":{"line":236,"column":0},"end":{"line":236,"column":0}},"236":{"start":{"line":237,"column":0},"end":{"line":237,"column":36}},"237":{"start":{"line":238,"column":0},"end":{"line":238,"column":69}},"238":{"start":{"line":239,"column":0},"end":{"line":239,"column":53}},"239":{"start":{"line":240,"column":0},"end":{"line":240,"column":51}},"240":{"start":{"line":241,"column":0},"end":{"line":241,"column":9}},"241":{"start":{"line":242,"column":0},"end":{"line":242,"column":0}},"242":{"start":{"line":243,"column":0},"end":{"line":243,"column":60}},"243":{"start":{"line":244,"column":0},"end":{"line":244,"column":37}},"244":{"start":{"line":245,"column":0},"end":{"line":245,"column":67}},"245":{"start":{"line":246,"column":0},"end":{"line":246,"column":31}},"246":{"start":{"line":247,"column":0},"end":{"line":247,"column":34}},"247":{"start":{"line":248,"column":0},"end":{"line":248,"column":44}},"248":{"start":{"line":249,"column":0},"end":{"line":249,"column":52}},"249":{"start":{"line":250,"column":0},"end":{"line":250,"column":45}},"250":{"start":{"line":251,"column":0},"end":{"line":251,"column":50}},"251":{"start":{"line":252,"column":0},"end":{"line":252,"column":27}},"252":{"start":{"line":253,"column":0},"end":{"line":253,"column":79}},"253":{"start":{"line":254,"column":0},"end":{"line":254,"column":64}},"254":{"start":{"line":255,"column":0},"end":{"line":255,"column":79}},"255":{"start":{"line":256,"column":0},"end":{"line":256,"column":69}},"256":{"start":{"line":257,"column":0},"end":{"line":257,"column":61}},"257":{"start":{"line":258,"column":0},"end":{"line":258,"column":10}},"258":{"start":{"line":259,"column":0},"end":{"line":259,"column":19}},"259":{"start":{"line":260,"column":0},"end":{"line":260,"column":60}},"260":{"start":{"line":261,"column":0},"end":{"line":261,"column":54}},"261":{"start":{"line":262,"column":0},"end":{"line":262,"column":50}},"262":{"start":{"line":263,"column":0},"end":{"line":263,"column":54}},"263":{"start":{"line":264,"column":0},"end":{"line":264,"column":63}},"264":{"start":{"line":265,"column":0},"end":{"line":265,"column":54}},"265":{"start":{"line":266,"column":0},"end":{"line":266,"column":79}},"266":{"start":{"line":267,"column":0},"end":{"line":267,"column":0}},"267":{"start":{"line":268,"column":0},"end":{"line":268,"column":29}},"268":{"start":{"line":269,"column":0},"end":{"line":269,"column":70}},"269":{"start":{"line":270,"column":0},"end":{"line":270,"column":0}},"270":{"start":{"line":271,"column":0},"end":{"line":271,"column":49}},"271":{"start":{"line":272,"column":0},"end":{"line":272,"column":49}},"272":{"start":{"line":273,"column":0},"end":{"line":273,"column":67}},"273":{"start":{"line":274,"column":0},"end":{"line":274,"column":66}},"274":{"start":{"line":275,"column":0},"end":{"line":275,"column":0}},"275":{"start":{"line":276,"column":0},"end":{"line":276,"column":69}},"276":{"start":{"line":277,"column":0},"end":{"line":277,"column":59}},"277":{"start":{"line":278,"column":0},"end":{"line":278,"column":36}},"278":{"start":{"line":279,"column":0},"end":{"line":279,"column":0}},"279":{"start":{"line":280,"column":0},"end":{"line":280,"column":61}},"280":{"start":{"line":281,"column":0},"end":{"line":281,"column":68}},"281":{"start":{"line":282,"column":0},"end":{"line":282,"column":48}},"282":{"start":{"line":283,"column":0},"end":{"line":283,"column":58}},"283":{"start":{"line":284,"column":0},"end":{"line":284,"column":13}},"284":{"start":{"line":285,"column":0},"end":{"line":285,"column":0}},"285":{"start":{"line":286,"column":0},"end":{"line":286,"column":31}},"286":{"start":{"line":287,"column":0},"end":{"line":287,"column":11}},"287":{"start":{"line":288,"column":0},"end":{"line":288,"column":0}},"288":{"start":{"line":289,"column":0},"end":{"line":289,"column":46}},"289":{"start":{"line":290,"column":0},"end":{"line":290,"column":65}},"290":{"start":{"line":291,"column":0},"end":{"line":291,"column":34}},"291":{"start":{"line":292,"column":0},"end":{"line":292,"column":25}},"292":{"start":{"line":293,"column":0},"end":{"line":293,"column":11}},"293":{"start":{"line":294,"column":0},"end":{"line":294,"column":14}},"294":{"start":{"line":295,"column":0},"end":{"line":295,"column":79}},"295":{"start":{"line":296,"column":0},"end":{"line":296,"column":67}},"296":{"start":{"line":297,"column":0},"end":{"line":297,"column":79}},"297":{"start":{"line":298,"column":0},"end":{"line":298,"column":73}},"298":{"start":{"line":299,"column":0},"end":{"line":299,"column":61}},"299":{"start":{"line":300,"column":0},"end":{"line":300,"column":66}},"300":{"start":{"line":301,"column":0},"end":{"line":301,"column":10}},"301":{"start":{"line":302,"column":0},"end":{"line":302,"column":67}},"302":{"start":{"line":303,"column":0},"end":{"line":303,"column":51}},"303":{"start":{"line":304,"column":0},"end":{"line":304,"column":37}},"304":{"start":{"line":305,"column":0},"end":{"line":305,"column":52}},"305":{"start":{"line":306,"column":0},"end":{"line":306,"column":10}},"306":{"start":{"line":307,"column":0},"end":{"line":307,"column":19}},"307":{"start":{"line":308,"column":0},"end":{"line":308,"column":61}},"308":{"start":{"line":309,"column":0},"end":{"line":309,"column":65}},"309":{"start":{"line":310,"column":0},"end":{"line":310,"column":64}},"310":{"start":{"line":311,"column":0},"end":{"line":311,"column":48}},"311":{"start":{"line":312,"column":0},"end":{"line":312,"column":64}},"312":{"start":{"line":313,"column":0},"end":{"line":313,"column":61}},"313":{"start":{"line":314,"column":0},"end":{"line":314,"column":50}},"314":{"start":{"line":315,"column":0},"end":{"line":315,"column":79}},"315":{"start":{"line":316,"column":0},"end":{"line":316,"column":0}},"316":{"start":{"line":317,"column":0},"end":{"line":317,"column":29}},"317":{"start":{"line":318,"column":0},"end":{"line":318,"column":50}},"318":{"start":{"line":319,"column":0},"end":{"line":319,"column":0}},"319":{"start":{"line":320,"column":0},"end":{"line":320,"column":49}},"320":{"start":{"line":321,"column":0},"end":{"line":321,"column":49}},"321":{"start":{"line":322,"column":0},"end":{"line":322,"column":63}},"322":{"start":{"line":323,"column":0},"end":{"line":323,"column":66}},"323":{"start":{"line":324,"column":0},"end":{"line":324,"column":0}},"324":{"start":{"line":325,"column":0},"end":{"line":325,"column":62}},"325":{"start":{"line":326,"column":0},"end":{"line":326,"column":60}},"326":{"start":{"line":327,"column":0},"end":{"line":327,"column":0}},"327":{"start":{"line":328,"column":0},"end":{"line":328,"column":69}},"328":{"start":{"line":329,"column":0},"end":{"line":329,"column":57}},"329":{"start":{"line":330,"column":0},"end":{"line":330,"column":0}},"330":{"start":{"line":331,"column":0},"end":{"line":331,"column":61}},"331":{"start":{"line":332,"column":0},"end":{"line":332,"column":52}},"332":{"start":{"line":333,"column":0},"end":{"line":333,"column":48}},"333":{"start":{"line":334,"column":0},"end":{"line":334,"column":58}},"334":{"start":{"line":335,"column":0},"end":{"line":335,"column":13}},"335":{"start":{"line":336,"column":0},"end":{"line":336,"column":0}},"336":{"start":{"line":337,"column":0},"end":{"line":337,"column":31}},"337":{"start":{"line":338,"column":0},"end":{"line":338,"column":11}},"338":{"start":{"line":339,"column":0},"end":{"line":339,"column":0}},"339":{"start":{"line":340,"column":0},"end":{"line":340,"column":45}},"340":{"start":{"line":341,"column":0},"end":{"line":341,"column":25}},"341":{"start":{"line":342,"column":0},"end":{"line":342,"column":11}},"342":{"start":{"line":343,"column":0},"end":{"line":343,"column":0}},"343":{"start":{"line":344,"column":0},"end":{"line":344,"column":85}},"344":{"start":{"line":345,"column":0},"end":{"line":345,"column":47}},"345":{"start":{"line":346,"column":0},"end":{"line":346,"column":7}},"346":{"start":{"line":347,"column":0},"end":{"line":347,"column":0}},"347":{"start":{"line":348,"column":0},"end":{"line":348,"column":34}},"348":{"start":{"line":349,"column":0},"end":{"line":349,"column":24}},"349":{"start":{"line":350,"column":0},"end":{"line":350,"column":19}},"350":{"start":{"line":351,"column":0},"end":{"line":351,"column":33}},"351":{"start":{"line":352,"column":0},"end":{"line":352,"column":73}},"352":{"start":{"line":353,"column":0},"end":{"line":353,"column":24}},"353":{"start":{"line":354,"column":0},"end":{"line":354,"column":5}},"354":{"start":{"line":355,"column":0},"end":{"line":355,"column":56}},"355":{"start":{"line":356,"column":0},"end":{"line":356,"column":0}},"356":{"start":{"line":357,"column":0},"end":{"line":357,"column":79}},"357":{"start":{"line":358,"column":0},"end":{"line":358,"column":67}},"358":{"start":{"line":359,"column":0},"end":{"line":359,"column":79}},"359":{"start":{"line":360,"column":0},"end":{"line":360,"column":74}},"360":{"start":{"line":361,"column":0},"end":{"line":361,"column":4}},"361":{"start":{"line":362,"column":0},"end":{"line":362,"column":20}},"362":{"start":{"line":363,"column":0},"end":{"line":363,"column":61}},"363":{"start":{"line":364,"column":0},"end":{"line":364,"column":60}},"364":{"start":{"line":365,"column":0},"end":{"line":365,"column":72}},"365":{"start":{"line":366,"column":0},"end":{"line":366,"column":55}},"366":{"start":{"line":367,"column":0},"end":{"line":367,"column":78}},"367":{"start":{"line":368,"column":0},"end":{"line":368,"column":33}},"368":{"start":{"line":369,"column":0},"end":{"line":369,"column":4}},"369":{"start":{"line":370,"column":0},"end":{"line":370,"column":41}},"370":{"start":{"line":371,"column":0},"end":{"line":371,"column":67}},"371":{"start":{"line":372,"column":0},"end":{"line":372,"column":41}},"372":{"start":{"line":373,"column":0},"end":{"line":373,"column":39}},"373":{"start":{"line":374,"column":0},"end":{"line":374,"column":62}},"374":{"start":{"line":375,"column":0},"end":{"line":375,"column":42}},"375":{"start":{"line":376,"column":0},"end":{"line":376,"column":43}},"376":{"start":{"line":377,"column":0},"end":{"line":377,"column":54}},"377":{"start":{"line":378,"column":0},"end":{"line":378,"column":69}},"378":{"start":{"line":379,"column":0},"end":{"line":379,"column":77}},"379":{"start":{"line":380,"column":0},"end":{"line":380,"column":44}},"380":{"start":{"line":381,"column":0},"end":{"line":381,"column":56}},"381":{"start":{"line":382,"column":0},"end":{"line":382,"column":71}},"382":{"start":{"line":383,"column":0},"end":{"line":383,"column":53}},"383":{"start":{"line":384,"column":0},"end":{"line":384,"column":87}},"384":{"start":{"line":385,"column":0},"end":{"line":385,"column":4}},"385":{"start":{"line":386,"column":0},"end":{"line":386,"column":45}},"386":{"start":{"line":387,"column":0},"end":{"line":387,"column":68}},"387":{"start":{"line":388,"column":0},"end":{"line":388,"column":62}},"388":{"start":{"line":389,"column":0},"end":{"line":389,"column":67}},"389":{"start":{"line":390,"column":0},"end":{"line":390,"column":78}},"390":{"start":{"line":391,"column":0},"end":{"line":391,"column":77}},"391":{"start":{"line":392,"column":0},"end":{"line":392,"column":4}},"392":{"start":{"line":393,"column":0},"end":{"line":393,"column":74}},"393":{"start":{"line":394,"column":0},"end":{"line":394,"column":65}},"394":{"start":{"line":395,"column":0},"end":{"line":395,"column":73}},"395":{"start":{"line":396,"column":0},"end":{"line":396,"column":48}},"396":{"start":{"line":397,"column":0},"end":{"line":397,"column":65}},"397":{"start":{"line":398,"column":0},"end":{"line":398,"column":45}},"398":{"start":{"line":399,"column":0},"end":{"line":399,"column":13}},"399":{"start":{"line":400,"column":0},"end":{"line":400,"column":5}},"400":{"start":{"line":401,"column":0},"end":{"line":401,"column":0}},"401":{"start":{"line":402,"column":0},"end":{"line":402,"column":9}},"402":{"start":{"line":403,"column":0},"end":{"line":403,"column":52}},"403":{"start":{"line":404,"column":0},"end":{"line":404,"column":27}},"404":{"start":{"line":405,"column":0},"end":{"line":405,"column":0}},"405":{"start":{"line":406,"column":0},"end":{"line":406,"column":65}},"406":{"start":{"line":407,"column":0},"end":{"line":407,"column":60}},"407":{"start":{"line":408,"column":0},"end":{"line":408,"column":63}},"408":{"start":{"line":409,"column":0},"end":{"line":409,"column":60}},"409":{"start":{"line":410,"column":0},"end":{"line":410,"column":52}},"410":{"start":{"line":411,"column":0},"end":{"line":411,"column":0}},"411":{"start":{"line":412,"column":0},"end":{"line":412,"column":83}},"412":{"start":{"line":413,"column":0},"end":{"line":413,"column":73}},"413":{"start":{"line":414,"column":0},"end":{"line":414,"column":0}},"414":{"start":{"line":415,"column":0},"end":{"line":415,"column":33}},"415":{"start":{"line":416,"column":0},"end":{"line":416,"column":28}},"416":{"start":{"line":417,"column":0},"end":{"line":417,"column":19}},"417":{"start":{"line":418,"column":0},"end":{"line":418,"column":28}},"418":{"start":{"line":419,"column":0},"end":{"line":419,"column":53}},"419":{"start":{"line":420,"column":0},"end":{"line":420,"column":5}},"420":{"start":{"line":421,"column":0},"end":{"line":421,"column":119}},"421":{"start":{"line":422,"column":0},"end":{"line":422,"column":0}},"422":{"start":{"line":423,"column":0},"end":{"line":423,"column":79}},"423":{"start":{"line":424,"column":0},"end":{"line":424,"column":59}},"424":{"start":{"line":425,"column":0},"end":{"line":425,"column":79}},"425":{"start":{"line":426,"column":0},"end":{"line":426,"column":63}},"426":{"start":{"line":427,"column":0},"end":{"line":427,"column":69}},"427":{"start":{"line":428,"column":0},"end":{"line":428,"column":4}},"428":{"start":{"line":429,"column":0},"end":{"line":429,"column":20}},"429":{"start":{"line":430,"column":0},"end":{"line":430,"column":63}},"430":{"start":{"line":431,"column":0},"end":{"line":431,"column":66}},"431":{"start":{"line":432,"column":0},"end":{"line":432,"column":47}},"432":{"start":{"line":433,"column":0},"end":{"line":433,"column":35}},"433":{"start":{"line":434,"column":0},"end":{"line":434,"column":38}},"434":{"start":{"line":435,"column":0},"end":{"line":435,"column":41}},"435":{"start":{"line":436,"column":0},"end":{"line":436,"column":70}},"436":{"start":{"line":437,"column":0},"end":{"line":437,"column":4}},"437":{"start":{"line":438,"column":0},"end":{"line":438,"column":13}},"438":{"start":{"line":439,"column":0},"end":{"line":439,"column":54}},"439":{"start":{"line":440,"column":0},"end":{"line":440,"column":48}},"440":{"start":{"line":441,"column":0},"end":{"line":441,"column":34}},"441":{"start":{"line":442,"column":0},"end":{"line":442,"column":48}},"442":{"start":{"line":443,"column":0},"end":{"line":443,"column":57}},"443":{"start":{"line":444,"column":0},"end":{"line":444,"column":48}},"444":{"start":{"line":445,"column":0},"end":{"line":445,"column":64}},"445":{"start":{"line":446,"column":0},"end":{"line":446,"column":0}},"446":{"start":{"line":447,"column":0},"end":{"line":447,"column":52}},"447":{"start":{"line":448,"column":0},"end":{"line":448,"column":71}},"448":{"start":{"line":449,"column":0},"end":{"line":449,"column":74}},"449":{"start":{"line":450,"column":0},"end":{"line":450,"column":13}},"450":{"start":{"line":451,"column":0},"end":{"line":451,"column":5}},"451":{"start":{"line":452,"column":0},"end":{"line":452,"column":0}},"452":{"start":{"line":453,"column":0},"end":{"line":453,"column":9}},"453":{"start":{"line":454,"column":0},"end":{"line":454,"column":31}},"454":{"start":{"line":455,"column":0},"end":{"line":455,"column":0}},"455":{"start":{"line":456,"column":0},"end":{"line":456,"column":51}},"456":{"start":{"line":457,"column":0},"end":{"line":457,"column":58}},"457":{"start":{"line":458,"column":0},"end":{"line":458,"column":60}},"458":{"start":{"line":459,"column":0},"end":{"line":459,"column":95}},"459":{"start":{"line":460,"column":0},"end":{"line":460,"column":0}},"460":{"start":{"line":461,"column":0},"end":{"line":461,"column":54}},"461":{"start":{"line":462,"column":0},"end":{"line":462,"column":96}},"462":{"start":{"line":463,"column":0},"end":{"line":463,"column":0}},"463":{"start":{"line":464,"column":0},"end":{"line":464,"column":32}},"464":{"start":{"line":465,"column":0},"end":{"line":465,"column":19}},"465":{"start":{"line":466,"column":0},"end":{"line":466,"column":32}},"466":{"start":{"line":467,"column":0},"end":{"line":467,"column":57}},"467":{"start":{"line":468,"column":0},"end":{"line":468,"column":5}},"468":{"start":{"line":469,"column":0},"end":{"line":469,"column":110}},"469":{"start":{"line":470,"column":0},"end":{"line":470,"column":0}},"470":{"start":{"line":471,"column":0},"end":{"line":471,"column":79}},"471":{"start":{"line":472,"column":0},"end":{"line":472,"column":55}},"472":{"start":{"line":473,"column":0},"end":{"line":473,"column":79}},"473":{"start":{"line":474,"column":0},"end":{"line":474,"column":60}},"474":{"start":{"line":475,"column":0},"end":{"line":475,"column":66}},"475":{"start":{"line":476,"column":0},"end":{"line":476,"column":4}},"476":{"start":{"line":477,"column":0},"end":{"line":477,"column":43}},"477":{"start":{"line":478,"column":0},"end":{"line":478,"column":60}},"478":{"start":{"line":479,"column":0},"end":{"line":479,"column":59}},"479":{"start":{"line":480,"column":0},"end":{"line":480,"column":57}},"480":{"start":{"line":481,"column":0},"end":{"line":481,"column":4}},"481":{"start":{"line":482,"column":0},"end":{"line":482,"column":41}},"482":{"start":{"line":483,"column":0},"end":{"line":483,"column":52}},"483":{"start":{"line":484,"column":0},"end":{"line":484,"column":61}},"484":{"start":{"line":485,"column":0},"end":{"line":485,"column":37}},"485":{"start":{"line":486,"column":0},"end":{"line":486,"column":4}},"486":{"start":{"line":487,"column":0},"end":{"line":487,"column":31}},"487":{"start":{"line":488,"column":0},"end":{"line":488,"column":38}},"488":{"start":{"line":489,"column":0},"end":{"line":489,"column":61}},"489":{"start":{"line":490,"column":0},"end":{"line":490,"column":71}},"490":{"start":{"line":491,"column":0},"end":{"line":491,"column":51}},"491":{"start":{"line":492,"column":0},"end":{"line":492,"column":49}},"492":{"start":{"line":493,"column":0},"end":{"line":493,"column":4}},"493":{"start":{"line":494,"column":0},"end":{"line":494,"column":29}},"494":{"start":{"line":495,"column":0},"end":{"line":495,"column":36}},"495":{"start":{"line":496,"column":0},"end":{"line":496,"column":61}},"496":{"start":{"line":497,"column":0},"end":{"line":497,"column":76}},"497":{"start":{"line":498,"column":0},"end":{"line":498,"column":56}},"498":{"start":{"line":499,"column":0},"end":{"line":499,"column":50}},"499":{"start":{"line":500,"column":0},"end":{"line":500,"column":69}},"500":{"start":{"line":501,"column":0},"end":{"line":501,"column":72}},"501":{"start":{"line":502,"column":0},"end":{"line":502,"column":0}},"502":{"start":{"line":503,"column":0},"end":{"line":503,"column":79}},"503":{"start":{"line":504,"column":0},"end":{"line":504,"column":56}},"504":{"start":{"line":505,"column":0},"end":{"line":505,"column":79}},"505":{"start":{"line":506,"column":0},"end":{"line":506,"column":68}},"506":{"start":{"line":507,"column":0},"end":{"line":507,"column":4}},"507":{"start":{"line":508,"column":0},"end":{"line":508,"column":44}},"508":{"start":{"line":509,"column":0},"end":{"line":509,"column":40}},"509":{"start":{"line":510,"column":0},"end":{"line":510,"column":34}},"510":{"start":{"line":511,"column":0},"end":{"line":511,"column":74}},"511":{"start":{"line":512,"column":0},"end":{"line":512,"column":62}},"512":{"start":{"line":513,"column":0},"end":{"line":513,"column":4}},"513":{"start":{"line":514,"column":0},"end":{"line":514,"column":60}},"514":{"start":{"line":515,"column":0},"end":{"line":515,"column":60}},"515":{"start":{"line":516,"column":0},"end":{"line":516,"column":47}},"516":{"start":{"line":517,"column":0},"end":{"line":517,"column":72}},"517":{"start":{"line":518,"column":0},"end":{"line":518,"column":4}},"518":{"start":{"line":519,"column":0},"end":{"line":519,"column":20}},"519":{"start":{"line":520,"column":0},"end":{"line":520,"column":33}},"520":{"start":{"line":521,"column":0},"end":{"line":521,"column":36}},"521":{"start":{"line":522,"column":0},"end":{"line":522,"column":46}},"522":{"start":{"line":523,"column":0},"end":{"line":523,"column":57}},"523":{"start":{"line":524,"column":0},"end":{"line":524,"column":71}},"524":{"start":{"line":525,"column":0},"end":{"line":525,"column":34}},"525":{"start":{"line":526,"column":0},"end":{"line":526,"column":47}},"526":{"start":{"line":527,"column":0},"end":{"line":527,"column":50}},"527":{"start":{"line":528,"column":0},"end":{"line":528,"column":65}},"528":{"start":{"line":529,"column":0},"end":{"line":529,"column":19}},"529":{"start":{"line":530,"column":0},"end":{"line":530,"column":47}},"530":{"start":{"line":531,"column":0},"end":{"line":531,"column":60}},"531":{"start":{"line":532,"column":0},"end":{"line":532,"column":13}},"532":{"start":{"line":533,"column":0},"end":{"line":533,"column":5}},"533":{"start":{"line":534,"column":0},"end":{"line":534,"column":0}},"534":{"start":{"line":535,"column":0},"end":{"line":535,"column":36}},"535":{"start":{"line":536,"column":0},"end":{"line":536,"column":31}},"536":{"start":{"line":537,"column":0},"end":{"line":537,"column":0}},"537":{"start":{"line":538,"column":0},"end":{"line":538,"column":52}},"538":{"start":{"line":539,"column":0},"end":{"line":539,"column":30}},"539":{"start":{"line":540,"column":0},"end":{"line":540,"column":0}},"540":{"start":{"line":541,"column":0},"end":{"line":541,"column":66}},"541":{"start":{"line":542,"column":0},"end":{"line":542,"column":69}},"542":{"start":{"line":543,"column":0},"end":{"line":543,"column":59}},"543":{"start":{"line":544,"column":0},"end":{"line":544,"column":52}},"544":{"start":{"line":545,"column":0},"end":{"line":545,"column":0}},"545":{"start":{"line":546,"column":0},"end":{"line":546,"column":79}},"546":{"start":{"line":547,"column":0},"end":{"line":547,"column":28}},"547":{"start":{"line":548,"column":0},"end":{"line":548,"column":79}},"548":{"start":{"line":549,"column":0},"end":{"line":549,"column":54}},"549":{"start":{"line":550,"column":0},"end":{"line":550,"column":4}},"550":{"start":{"line":551,"column":0},"end":{"line":551,"column":20}},"551":{"start":{"line":552,"column":0},"end":{"line":552,"column":59}},"552":{"start":{"line":553,"column":0},"end":{"line":553,"column":36}},"553":{"start":{"line":554,"column":0},"end":{"line":554,"column":55}},"554":{"start":{"line":555,"column":0},"end":{"line":555,"column":57}},"555":{"start":{"line":556,"column":0},"end":{"line":556,"column":48}},"556":{"start":{"line":557,"column":0},"end":{"line":557,"column":59}},"557":{"start":{"line":558,"column":0},"end":{"line":558,"column":54}},"558":{"start":{"line":559,"column":0},"end":{"line":559,"column":67}},"559":{"start":{"line":560,"column":0},"end":{"line":560,"column":44}},"560":{"start":{"line":561,"column":0},"end":{"line":561,"column":73}},"561":{"start":{"line":562,"column":0},"end":{"line":562,"column":57}},"562":{"start":{"line":563,"column":0},"end":{"line":563,"column":43}},"563":{"start":{"line":564,"column":0},"end":{"line":564,"column":0}},"564":{"start":{"line":565,"column":0},"end":{"line":565,"column":37}},"565":{"start":{"line":566,"column":0},"end":{"line":566,"column":83}},"566":{"start":{"line":567,"column":0},"end":{"line":567,"column":0}},"567":{"start":{"line":568,"column":0},"end":{"line":568,"column":46}},"568":{"start":{"line":569,"column":0},"end":{"line":569,"column":26}},"569":{"start":{"line":570,"column":0},"end":{"line":570,"column":27}},"570":{"start":{"line":571,"column":0},"end":{"line":571,"column":0}},"571":{"start":{"line":572,"column":0},"end":{"line":572,"column":56}},"572":{"start":{"line":573,"column":0},"end":{"line":573,"column":30}},"573":{"start":{"line":574,"column":0},"end":{"line":574,"column":0}},"574":{"start":{"line":575,"column":0},"end":{"line":575,"column":36}},"575":{"start":{"line":576,"column":0},"end":{"line":576,"column":31}},"576":{"start":{"line":577,"column":0},"end":{"line":577,"column":30}},"577":{"start":{"line":578,"column":0},"end":{"line":578,"column":0}},"578":{"start":{"line":579,"column":0},"end":{"line":579,"column":79}},"579":{"start":{"line":580,"column":0},"end":{"line":580,"column":34}},"580":{"start":{"line":581,"column":0},"end":{"line":581,"column":79}},"581":{"start":{"line":582,"column":0},"end":{"line":582,"column":54}},"582":{"start":{"line":583,"column":0},"end":{"line":583,"column":4}},"583":{"start":{"line":584,"column":0},"end":{"line":584,"column":22}},"584":{"start":{"line":585,"column":0},"end":{"line":585,"column":74}},"585":{"start":{"line":586,"column":0},"end":{"line":586,"column":81}},"586":{"start":{"line":587,"column":0},"end":{"line":587,"column":60}},"587":{"start":{"line":588,"column":0},"end":{"line":588,"column":4}},"588":{"start":{"line":589,"column":0},"end":{"line":589,"column":26}},"589":{"start":{"line":590,"column":0},"end":{"line":590,"column":58}},"590":{"start":{"line":591,"column":0},"end":{"line":591,"column":56}},"591":{"start":{"line":592,"column":0},"end":{"line":592,"column":38}},"592":{"start":{"line":593,"column":0},"end":{"line":593,"column":43}},"593":{"start":{"line":594,"column":0},"end":{"line":594,"column":4}},"594":{"start":{"line":595,"column":0},"end":{"line":595,"column":14}},"595":{"start":{"line":596,"column":0},"end":{"line":596,"column":53}},"596":{"start":{"line":597,"column":0},"end":{"line":597,"column":56}},"597":{"start":{"line":598,"column":0},"end":{"line":598,"column":56}},"598":{"start":{"line":599,"column":0},"end":{"line":599,"column":84}},"599":{"start":{"line":600,"column":0},"end":{"line":600,"column":55}},"600":{"start":{"line":601,"column":0},"end":{"line":601,"column":0}},"601":{"start":{"line":602,"column":0},"end":{"line":602,"column":53}},"602":{"start":{"line":603,"column":0},"end":{"line":603,"column":57}},"603":{"start":{"line":604,"column":0},"end":{"line":604,"column":55}},"604":{"start":{"line":605,"column":0},"end":{"line":605,"column":0}},"605":{"start":{"line":606,"column":0},"end":{"line":606,"column":59}},"606":{"start":{"line":607,"column":0},"end":{"line":607,"column":42}},"607":{"start":{"line":608,"column":0},"end":{"line":608,"column":9}},"608":{"start":{"line":609,"column":0},"end":{"line":609,"column":0}},"609":{"start":{"line":610,"column":0},"end":{"line":610,"column":79}},"610":{"start":{"line":611,"column":0},"end":{"line":611,"column":34}},"611":{"start":{"line":612,"column":0},"end":{"line":612,"column":79}},"612":{"start":{"line":613,"column":0},"end":{"line":613,"column":54}},"613":{"start":{"line":614,"column":0},"end":{"line":614,"column":4}},"614":{"start":{"line":615,"column":0},"end":{"line":615,"column":27}},"615":{"start":{"line":616,"column":0},"end":{"line":616,"column":29}},"616":{"start":{"line":617,"column":0},"end":{"line":617,"column":25}},"617":{"start":{"line":618,"column":0},"end":{"line":618,"column":45}},"618":{"start":{"line":619,"column":0},"end":{"line":619,"column":62}},"619":{"start":{"line":620,"column":0},"end":{"line":620,"column":46}},"620":{"start":{"line":621,"column":0},"end":{"line":621,"column":38}},"621":{"start":{"line":622,"column":0},"end":{"line":622,"column":49}},"622":{"start":{"line":623,"column":0},"end":{"line":623,"column":5}},"623":{"start":{"line":624,"column":0},"end":{"line":624,"column":17}},"624":{"start":{"line":625,"column":0},"end":{"line":625,"column":19}},"625":{"start":{"line":626,"column":0},"end":{"line":626,"column":21}},"626":{"start":{"line":627,"column":0},"end":{"line":627,"column":21}},"627":{"start":{"line":628,"column":0},"end":{"line":628,"column":28}},"628":{"start":{"line":629,"column":0},"end":{"line":629,"column":73}},"629":{"start":{"line":630,"column":0},"end":{"line":630,"column":8}},"630":{"start":{"line":631,"column":0},"end":{"line":631,"column":37}},"631":{"start":{"line":632,"column":0},"end":{"line":632,"column":51}},"632":{"start":{"line":633,"column":0},"end":{"line":633,"column":6}},"633":{"start":{"line":634,"column":0},"end":{"line":634,"column":5}},"634":{"start":{"line":635,"column":0},"end":{"line":635,"column":18}},"635":{"start":{"line":636,"column":0},"end":{"line":636,"column":28}},"636":{"start":{"line":637,"column":0},"end":{"line":637,"column":21}},"637":{"start":{"line":638,"column":0},"end":{"line":638,"column":22}},"638":{"start":{"line":639,"column":0},"end":{"line":639,"column":28}},"639":{"start":{"line":640,"column":0},"end":{"line":640,"column":61}},"640":{"start":{"line":641,"column":0},"end":{"line":641,"column":8}},"641":{"start":{"line":642,"column":0},"end":{"line":642,"column":37}},"642":{"start":{"line":643,"column":0},"end":{"line":643,"column":52}},"643":{"start":{"line":644,"column":0},"end":{"line":644,"column":6}},"644":{"start":{"line":645,"column":0},"end":{"line":645,"column":5}},"645":{"start":{"line":646,"column":0},"end":{"line":646,"column":29}},"646":{"start":{"line":647,"column":0},"end":{"line":647,"column":31}},"647":{"start":{"line":648,"column":0},"end":{"line":648,"column":21}},"648":{"start":{"line":649,"column":0},"end":{"line":649,"column":33}},"649":{"start":{"line":650,"column":0},"end":{"line":650,"column":28}},"650":{"start":{"line":651,"column":0},"end":{"line":651,"column":72}},"651":{"start":{"line":652,"column":0},"end":{"line":652,"column":8}},"652":{"start":{"line":653,"column":0},"end":{"line":653,"column":37}},"653":{"start":{"line":654,"column":0},"end":{"line":654,"column":52}},"654":{"start":{"line":655,"column":0},"end":{"line":655,"column":6}},"655":{"start":{"line":656,"column":0},"end":{"line":656,"column":5}},"656":{"start":{"line":657,"column":0},"end":{"line":657,"column":21}},"657":{"start":{"line":658,"column":0},"end":{"line":658,"column":23}},"658":{"start":{"line":659,"column":0},"end":{"line":659,"column":22}},"659":{"start":{"line":660,"column":0},"end":{"line":660,"column":28}},"660":{"start":{"line":661,"column":0},"end":{"line":661,"column":76}},"661":{"start":{"line":662,"column":0},"end":{"line":662,"column":73}},"662":{"start":{"line":663,"column":0},"end":{"line":663,"column":59}},"663":{"start":{"line":664,"column":0},"end":{"line":664,"column":33}},"664":{"start":{"line":665,"column":0},"end":{"line":665,"column":14}},"665":{"start":{"line":666,"column":0},"end":{"line":666,"column":8}},"666":{"start":{"line":667,"column":0},"end":{"line":667,"column":77}},"667":{"start":{"line":668,"column":0},"end":{"line":668,"column":6}},"668":{"start":{"line":669,"column":0},"end":{"line":669,"column":4}},"669":{"start":{"line":670,"column":0},"end":{"line":670,"column":0}},"670":{"start":{"line":671,"column":0},"end":{"line":671,"column":79}},"671":{"start":{"line":672,"column":0},"end":{"line":672,"column":30}},"672":{"start":{"line":673,"column":0},"end":{"line":673,"column":79}},"673":{"start":{"line":674,"column":0},"end":{"line":674,"column":53}},"674":{"start":{"line":675,"column":0},"end":{"line":675,"column":4}},"675":{"start":{"line":676,"column":0},"end":{"line":676,"column":25}},"676":{"start":{"line":677,"column":0},"end":{"line":677,"column":38}},"677":{"start":{"line":678,"column":0},"end":{"line":678,"column":42}},"678":{"start":{"line":679,"column":0},"end":{"line":679,"column":34}},"679":{"start":{"line":680,"column":0},"end":{"line":680,"column":54}},"680":{"start":{"line":681,"column":0},"end":{"line":681,"column":36}},"681":{"start":{"line":682,"column":0},"end":{"line":682,"column":40}},"682":{"start":{"line":683,"column":0},"end":{"line":683,"column":10}},"683":{"start":{"line":684,"column":0},"end":{"line":684,"column":45}},"684":{"start":{"line":685,"column":0},"end":{"line":685,"column":28}},"685":{"start":{"line":686,"column":0},"end":{"line":686,"column":64}},"686":{"start":{"line":687,"column":0},"end":{"line":687,"column":78}},"687":{"start":{"line":688,"column":0},"end":{"line":688,"column":36}},"688":{"start":{"line":689,"column":0},"end":{"line":689,"column":82}},"689":{"start":{"line":690,"column":0},"end":{"line":690,"column":32}},"690":{"start":{"line":691,"column":0},"end":{"line":691,"column":79}},"691":{"start":{"line":692,"column":0},"end":{"line":692,"column":94}},"692":{"start":{"line":693,"column":0},"end":{"line":693,"column":16}},"693":{"start":{"line":694,"column":0},"end":{"line":694,"column":0}},"694":{"start":{"line":695,"column":0},"end":{"line":695,"column":78}},"695":{"start":{"line":696,"column":0},"end":{"line":696,"column":35}},"696":{"start":{"line":697,"column":0},"end":{"line":697,"column":78}},"697":{"start":{"line":698,"column":0},"end":{"line":698,"column":44}},"698":{"start":{"line":699,"column":0},"end":{"line":699,"column":46}},"699":{"start":{"line":700,"column":0},"end":{"line":700,"column":38}},"700":{"start":{"line":701,"column":0},"end":{"line":701,"column":13}},"701":{"start":{"line":702,"column":0},"end":{"line":702,"column":20}},"702":{"start":{"line":703,"column":0},"end":{"line":703,"column":31}},"703":{"start":{"line":704,"column":0},"end":{"line":704,"column":37}},"704":{"start":{"line":705,"column":0},"end":{"line":705,"column":50}},"705":{"start":{"line":706,"column":0},"end":{"line":706,"column":28}},"706":{"start":{"line":707,"column":0},"end":{"line":707,"column":12}},"707":{"start":{"line":708,"column":0},"end":{"line":708,"column":0}},"708":{"start":{"line":709,"column":0},"end":{"line":709,"column":78}},"709":{"start":{"line":710,"column":0},"end":{"line":710,"column":38}},"710":{"start":{"line":711,"column":0},"end":{"line":711,"column":82}},"711":{"start":{"line":712,"column":0},"end":{"line":712,"column":21}},"712":{"start":{"line":713,"column":0},"end":{"line":713,"column":94}},"713":{"start":{"line":714,"column":0},"end":{"line":714,"column":21}},"714":{"start":{"line":715,"column":0},"end":{"line":715,"column":18}},"715":{"start":{"line":716,"column":0},"end":{"line":716,"column":12}},"716":{"start":{"line":717,"column":0},"end":{"line":717,"column":0}},"717":{"start":{"line":718,"column":0},"end":{"line":718,"column":78}},"718":{"start":{"line":719,"column":0},"end":{"line":719,"column":38}},"719":{"start":{"line":720,"column":0},"end":{"line":720,"column":78}},"720":{"start":{"line":721,"column":0},"end":{"line":721,"column":46}},"721":{"start":{"line":722,"column":0},"end":{"line":722,"column":49}},"722":{"start":{"line":723,"column":0},"end":{"line":723,"column":44}},"723":{"start":{"line":724,"column":0},"end":{"line":724,"column":32}},"724":{"start":{"line":725,"column":0},"end":{"line":725,"column":44}},"725":{"start":{"line":726,"column":0},"end":{"line":726,"column":0}},"726":{"start":{"line":727,"column":0},"end":{"line":727,"column":20}},"727":{"start":{"line":728,"column":0},"end":{"line":728,"column":42}},"728":{"start":{"line":729,"column":0},"end":{"line":729,"column":57}},"729":{"start":{"line":730,"column":0},"end":{"line":730,"column":64}},"730":{"start":{"line":731,"column":0},"end":{"line":731,"column":51}},"731":{"start":{"line":732,"column":0},"end":{"line":732,"column":52}},"732":{"start":{"line":733,"column":0},"end":{"line":733,"column":56}},"733":{"start":{"line":734,"column":0},"end":{"line":734,"column":71}},"734":{"start":{"line":735,"column":0},"end":{"line":735,"column":74}},"735":{"start":{"line":736,"column":0},"end":{"line":736,"column":77}},"736":{"start":{"line":737,"column":0},"end":{"line":737,"column":80}},"737":{"start":{"line":738,"column":0},"end":{"line":738,"column":86}},"738":{"start":{"line":739,"column":0},"end":{"line":739,"column":45}},"739":{"start":{"line":740,"column":0},"end":{"line":740,"column":13}},"740":{"start":{"line":741,"column":0},"end":{"line":741,"column":23}},"741":{"start":{"line":742,"column":0},"end":{"line":742,"column":27}},"742":{"start":{"line":743,"column":0},"end":{"line":743,"column":47}},"743":{"start":{"line":744,"column":0},"end":{"line":744,"column":29}},"744":{"start":{"line":745,"column":0},"end":{"line":745,"column":35}},"745":{"start":{"line":746,"column":0},"end":{"line":746,"column":33}},"746":{"start":{"line":747,"column":0},"end":{"line":747,"column":31}},"747":{"start":{"line":748,"column":0},"end":{"line":748,"column":56}},"748":{"start":{"line":749,"column":0},"end":{"line":749,"column":37}},"749":{"start":{"line":750,"column":0},"end":{"line":750,"column":49}},"750":{"start":{"line":751,"column":0},"end":{"line":751,"column":45}},"751":{"start":{"line":752,"column":0},"end":{"line":752,"column":57}},"752":{"start":{"line":753,"column":0},"end":{"line":753,"column":29}},"753":{"start":{"line":754,"column":0},"end":{"line":754,"column":12}},"754":{"start":{"line":755,"column":0},"end":{"line":755,"column":0}},"755":{"start":{"line":756,"column":0},"end":{"line":756,"column":78}},"756":{"start":{"line":757,"column":0},"end":{"line":757,"column":44}},"757":{"start":{"line":758,"column":0},"end":{"line":758,"column":78}},"758":{"start":{"line":759,"column":0},"end":{"line":759,"column":74}},"759":{"start":{"line":760,"column":0},"end":{"line":760,"column":68}},"760":{"start":{"line":761,"column":0},"end":{"line":761,"column":69}},"761":{"start":{"line":762,"column":0},"end":{"line":762,"column":67}},"762":{"start":{"line":763,"column":0},"end":{"line":763,"column":68}},"763":{"start":{"line":764,"column":0},"end":{"line":764,"column":13}},"764":{"start":{"line":765,"column":0},"end":{"line":765,"column":29}},"765":{"start":{"line":766,"column":0},"end":{"line":766,"column":21}},"766":{"start":{"line":767,"column":0},"end":{"line":767,"column":31}},"767":{"start":{"line":768,"column":0},"end":{"line":768,"column":47}},"768":{"start":{"line":769,"column":0},"end":{"line":769,"column":37}},"769":{"start":{"line":770,"column":0},"end":{"line":770,"column":12}},"770":{"start":{"line":771,"column":0},"end":{"line":771,"column":14}},"771":{"start":{"line":772,"column":0},"end":{"line":772,"column":12}},"772":{"start":{"line":773,"column":0},"end":{"line":773,"column":10}},"773":{"start":{"line":774,"column":0},"end":{"line":774,"column":4}},"774":{"start":{"line":775,"column":0},"end":{"line":775,"column":1}},"775":{"start":{"line":776,"column":0},"end":{"line":776,"column":0}},"776":{"start":{"line":777,"column":0},"end":{"line":777,"column":79}},"777":{"start":{"line":778,"column":0},"end":{"line":778,"column":26}},"778":{"start":{"line":779,"column":0},"end":{"line":779,"column":79}},"779":{"start":{"line":780,"column":0},"end":{"line":780,"column":2}},"780":{"start":{"line":781,"column":0},"end":{"line":781,"column":21}},"781":{"start":{"line":782,"column":0},"end":{"line":782,"column":2}},"782":{"start":{"line":783,"column":0},"end":{"line":783,"column":70}},"783":{"start":{"line":784,"column":0},"end":{"line":784,"column":81}},"784":{"start":{"line":785,"column":0},"end":{"line":785,"column":45}},"785":{"start":{"line":786,"column":0},"end":{"line":786,"column":52}},"786":{"start":{"line":787,"column":0},"end":{"line":787,"column":54}},"787":{"start":{"line":788,"column":0},"end":{"line":788,"column":55}},"788":{"start":{"line":789,"column":0},"end":{"line":789,"column":49}},"789":{"start":{"line":790,"column":0},"end":{"line":790,"column":58}},"790":{"start":{"line":791,"column":0},"end":{"line":791,"column":46}},"791":{"start":{"line":792,"column":0},"end":{"line":792,"column":56}},"792":{"start":{"line":793,"column":0},"end":{"line":793,"column":45}},"793":{"start":{"line":794,"column":0},"end":{"line":794,"column":57}},"794":{"start":{"line":795,"column":0},"end":{"line":795,"column":2}},"795":{"start":{"line":796,"column":0},"end":{"line":796,"column":31}},"796":{"start":{"line":797,"column":0},"end":{"line":797,"column":67}},"797":{"start":{"line":798,"column":0},"end":{"line":798,"column":62}},"798":{"start":{"line":799,"column":0},"end":{"line":799,"column":40}},"799":{"start":{"line":800,"column":0},"end":{"line":800,"column":65}},"800":{"start":{"line":801,"column":0},"end":{"line":801,"column":40}},"801":{"start":{"line":802,"column":0},"end":{"line":802,"column":81}},"802":{"start":{"line":803,"column":0},"end":{"line":803,"column":69}},"803":{"start":{"line":804,"column":0},"end":{"line":804,"column":2}},"804":{"start":{"line":805,"column":0},"end":{"line":805,"column":79}}},"s":{"0":0,"1":0,"2":0,"3":0,"4":0,"5":0,"6":0,"7":0,"8":0,"9":0,"10":0,"11":0,"12":0,"13":0,"14":0,"15":0,"16":0,"17":0,"18":0,"19":0,"20":0,"21":0,"22":0,"23":0,"24":0,"25":0,"26":0,"27":0,"28":0,"29":0,"30":0,"31":0,"32":0,"33":0,"34":0,"35":0,"36":0,"37":0,"38":0,"39":0,"40":0,"41":0,"42":0,"43":0,"44":0,"45":0,"46":0,"47":0,"48":0,"49":0,"50":0,"51":0,"52":0,"53":0,"54":0,"55":0,"56":0,"57":0,"58":0,"59":0,"60":0,"61":0,"62":0,"63":0,"64":0,"65":0,"66":0,"67":0,"68":0,"69":0,"70":0,"71":0,"72":0,"73":0,"74":0,"75":0,"76":0,"77":0,"78":0,"79":0,"80":0,"81":0,"82":0,"83":0,"84":0,"85":0,"86":0,"87":0,"88":0,"89":0,"90":0,"91":0,"92":0,"93":0,"94":0,"95":0,"96":0,"97":0,"98":0,"99":0,"100":0,"101":0,"102":0,"103":0,"104":0,"105":0,"106":0,"107":0,"108":0,"109":0,"110":0,"111":0,"112":0,"113":0,"114":0,"115":0,"116":0,"117":0,"118":0,"119":0,"120":0,"121":0,"122":0,"123":0,"124":0,"125":0,"126":0,"127":0,"128":0,"129":0,"130":0,"131":0,"132":0,"133":0,"134":0,"135":0,"136":0,"137":0,"138":0,"139":0,"140":0,"141":0,"142":0,"143":0,"144":0,"145":0,"146":0,"147":0,"148":0,"149":0,"150":0,"151":0,"152":0,"153":0,"154":0,"155":0,"156":0,"157":0,"158":0,"159":0,"160":0,"161":0,"162":0,"163":0,"164":0,"165":0,"166":0,"167":0,"168":0,"169":0,"170":0,"171":0,"172":0,"173":0,"174":0,"175":0,"176":0,"177":0,"178":0,"179":0,"180":0,"181":0,"182":0,"183":0,"184":0,"185":0,"186":0,"187":0,"188":0,"189":0,"190":0,"191":0,"192":0,"193":0,"194":0,"195":0,"196":0,"197":0,"198":0,"199":0,"200":0,"201":0,"202":0,"203":0,"204":0,"205":0,"206":0,"207":0,"208":0,"209":0,"210":0,"211":0,"212":0,"213":0,"214":0,"215":0,"216":0,"217":0,"218":0,"219":0,"220":0,"221":0,"222":0,"223":0,"224":0,"225":0,"226":0,"227":0,"228":0,"229":0,"230":0,"231":0,"232":0,"233":0,"234":0,"235":0,"236":0,"237":0,"238":0,"239":0,"240":0,"241":0,"242":0,"243":0,"244":0,"245":0,"246":0,"247":0,"248":0,"249":0,"250":0,"251":0,"252":0,"253":0,"254":0,"255":0,"256":0,"257":0,"258":0,"259":0,"260":0,"261":0,"262":0,"263":0,"264":0,"265":0,"266":0,"267":0,"268":0,"269":0,"270":0,"271":0,"272":0,"273":0,"274":0,"275":0,"276":0,"277":0,"278":0,"279":0,"280":0,"281":0,"282":0,"283":0,"284":0,"285":0,"286":0,"287":0,"288":0,"289":0,"290":0,"291":0,"292":0,"293":0,"294":0,"295":0,"296":0,"297":0,"298":0,"299":0,"300":0,"301":0,"302":0,"303":0,"304":0,"305":0,"306":0,"307":0,"308":0,"309":0,"310":0,"311":0,"312":0,"313":0,"314":0,"315":0,"316":0,"317":0,"318":0,"319":0,"320":0,"321":0,"322":0,"323":0,"324":0,"325":0,"326":0,"327":0,"328":0,"329":0,"330":0,"331":0,"332":0,"333":0,"334":0,"335":0,"336":0,"337":0,"338":0,"339":0,"340":0,"341":0,"342":0,"343":0,"344":0,"345":0,"346":0,"347":0,"348":0,"349":0,"350":0,"351":0,"352":0,"353":0,"354":0,"355":0,"356":0,"357":0,"358":0,"359":0,"360":0,"361":0,"362":0,"363":0,"364":0,"365":0,"366":0,"367":0,"368":0,"369":0,"370":0,"371":0,"372":0,"373":0,"374":0,"375":0,"376":0,"377":0,"378":0,"379":0,"380":0,"381":0,"382":0,"383":0,"384":0,"385":0,"386":0,"387":0,"388":0,"389":0,"390":0,"391":0,"392":0,"393":0,"394":0,"395":0,"396":0,"397":0,"398":0,"399":0,"400":0,"401":0,"402":0,"403":0,"404":0,"405":0,"406":0,"407":0,"408":0,"409":0,"410":0,"411":0,"412":0,"413":0,"414":0,"415":0,"416":0,"417":0,"418":0,"419":0,"420":0,"421":0,"422":0,"423":0,"424":0,"425":0,"426":0,"427":0,"428":0,"429":0,"430":0,"431":0,"432":0,"433":0,"434":0,"435":0,"436":0,"437":0,"438":0,"439":0,"440":0,"441":0,"442":0,"443":0,"444":0,"445":0,"446":0,"447":0,"448":0,"449":0,"450":0,"451":0,"452":0,"453":0,"454":0,"455":0,"456":0,"457":0,"458":0,"459":0,"460":0,"461":0,"462":0,"463":0,"464":0,"465":0,"466":0,"467":0,"468":0,"469":0,"470":0,"471":0,"472":0,"473":0,"474":0,"475":0,"476":0,"477":0,"478":0,"479":0,"480":0,"481":0,"482":0,"483":0,"484":0,"485":0,"486":0,"487":0,"488":0,"489":0,"490":0,"491":0,"492":0,"493":0,"494":0,"495":0,"496":0,"497":0,"498":0,"499":0,"500":0,"501":0,"502":0,"503":0,"504":0,"505":0,"506":0,"507":0,"508":0,"509":0,"510":0,"511":0,"512":0,"513":0,"514":0,"515":0,"516":0,"517":0,"518":0,"519":0,"520":0,"521":0,"522":0,"523":0,"524":0,"525":0,"526":0,"527":0,"528":0,"529":0,"530":0,"531":0,"532":0,"533":0,"534":0,"535":0,"536":0,"537":0,"538":0,"539":0,"540":0,"541":0,"542":0,"543":0,"544":0,"545":0,"546":0,"547":0,"548":0,"549":0,"550":0,"551":0,"552":0,"553":0,"554":0,"555":0,"556":0,"557":0,"558":0,"559":0,"560":0,"561":0,"562":0,"563":0,"564":0,"565":0,"566":0,"567":0,"568":0,"569":0,"570":0,"571":0,"572":0,"573":0,"574":0,"575":0,"576":0,"577":0,"578":0,"579":0,"580":0,"581":0,"582":0,"583":0,"584":0,"585":0,"586":0,"587":0,"588":0,"589":0,"590":0,"591":0,"592":0,"593":0,"594":0,"595":0,"596":0,"597":0,"598":0,"599":0,"600":0,"601":0,"602":0,"603":0,"604":0,"605":0,"606":0,"607":0,"608":0,"609":0,"610":0,"611":0,"612":0,"613":0,"614":0,"615":0,"616":0,"617":0,"618":0,"619":0,"620":0,"621":0,"622":0,"623":0,"624":0,"625":0,"626":0,"627":0,"628":0,"629":0,"630":0,"631":0,"632":0,"633":0,"634":0,"635":0,"636":0,"637":0,"638":0,"639":0,"640":0,"641":0,"642":0,"643":0,"644":0,"645":0,"646":0,"647":0,"648":0,"649":0,"650":0,"651":0,"652":0,"653":0,"654":0,"655":0,"656":0,"657":0,"658":0,"659":0,"660":0,"661":0,"662":0,"663":0,"664":0,"665":0,"666":0,"667":0,"668":0,"669":0,"670":0,"671":0,"672":0,"673":0,"674":0,"675":0,"676":0,"677":0,"678":0,"679":0,"680":0,"681":0,"682":0,"683":0,"684":0,"685":0,"686":0,"687":0,"688":0,"689":0,"690":0,"691":0,"692":0,"693":0,"694":0,"695":0,"696":0,"697":0,"698":0,"699":0,"700":0,"701":0,"702":0,"703":0,"704":0,"705":0,"706":0,"707":0,"708":0,"709":0,"710":0,"711":0,"712":0,"713":0,"714":0,"715":0,"716":0,"717":0,"718":0,"719":0,"720":0,"721":0,"722":0,"723":0,"724":0,"725":0,"726":0,"727":0,"728":0,"729":0,"730":0,"731":0,"732":0,"733":0,"734":0,"735":0,"736":0,"737":0,"738":0,"739":0,"740":0,"741":0,"742":0,"743":0,"744":0,"745":0,"746":0,"747":0,"748":0,"749":0,"750":0,"751":0,"752":0,"753":0,"754":0,"755":0,"756":0,"757":0,"758":0,"759":0,"760":0,"761":0,"762":0,"763":0,"764":0,"765":0,"766":0,"767":0,"768":0,"769":0,"770":0,"771":0,"772":0,"773":0,"774":0,"775":0,"776":0,"777":0,"778":0,"779":0,"780":0,"781":0,"782":0,"783":0,"784":0,"785":0,"786":0,"787":0,"788":0,"789":0,"790":0,"791":0,"792":0,"793":0,"794":0,"795":0,"796":0,"797":0,"798":0,"799":0,"800":0,"801":0,"802":0,"803":0,"804":0},"branchMap":{"0":{"type":"branch","line":1,"loc":{"start":{"line":1,"column":0},"end":{"line":805,"column":79}},"locations":[{"start":{"line":1,"column":0},"end":{"line":805,"column":79}}]}},"b":{"0":[0]},"fnMap":{"0":{"name":"(empty-report)","decl":{"start":{"line":1,"column":0},"end":{"line":805,"column":79}},"loc":{"start":{"line":1,"column":0},"end":{"line":805,"column":79}},"line":1}},"f":{"0":0}}
,"C:\\Users\\emumba\\Documents\\dev-plan\\virtual-table-v2\\apps\\shell\\components\\PatientsPageSkeleton.tsx": {"path":"C:\\Users\\emumba\\Documents\\dev-plan\\virtual-table-v2\\apps\\shell\\components\\PatientsPageSkeleton.tsx","all":true,"statementMap":{"0":{"start":{"line":1,"column":0},"end":{"line":1,"column":79}},"1":{"start":{"line":2,"column":0},"end":{"line":2,"column":44}},"2":{"start":{"line":3,"column":0},"end":{"line":3,"column":79}},"3":{"start":{"line":4,"column":0},"end":{"line":4,"column":79}},"4":{"start":{"line":5,"column":0},"end":{"line":5,"column":70}},"5":{"start":{"line":6,"column":0},"end":{"line":6,"column":2}},"6":{"start":{"line":7,"column":0},"end":{"line":7,"column":17}},"7":{"start":{"line":8,"column":0},"end":{"line":8,"column":60}},"8":{"start":{"line":9,"column":0},"end":{"line":9,"column":49}},"9":{"start":{"line":10,"column":0},"end":{"line":10,"column":75}},"10":{"start":{"line":11,"column":0},"end":{"line":11,"column":72}},"11":{"start":{"line":12,"column":0},"end":{"line":12,"column":2}},"12":{"start":{"line":13,"column":0},"end":{"line":13,"column":10}},"13":{"start":{"line":14,"column":0},"end":{"line":14,"column":66}},"14":{"start":{"line":15,"column":0},"end":{"line":15,"column":51}},"15":{"start":{"line":16,"column":0},"end":{"line":16,"column":35}},"16":{"start":{"line":17,"column":0},"end":{"line":17,"column":79}},"17":{"start":{"line":18,"column":0},"end":{"line":18,"column":0}},"18":{"start":{"line":19,"column":0},"end":{"line":19,"column":48}},"19":{"start":{"line":20,"column":0},"end":{"line":20,"column":10}},"20":{"start":{"line":21,"column":0},"end":{"line":21,"column":45}},"21":{"start":{"line":22,"column":0},"end":{"line":22,"column":28}},"22":{"start":{"line":23,"column":0},"end":{"line":23,"column":64}},"23":{"start":{"line":24,"column":0},"end":{"line":24,"column":33}},"24":{"start":{"line":25,"column":0},"end":{"line":25,"column":32}},"25":{"start":{"line":26,"column":0},"end":{"line":26,"column":78}},"26":{"start":{"line":27,"column":0},"end":{"line":27,"column":83}},"27":{"start":{"line":28,"column":0},"end":{"line":28,"column":16}},"28":{"start":{"line":29,"column":0},"end":{"line":29,"column":0}},"29":{"start":{"line":30,"column":0},"end":{"line":30,"column":37}},"30":{"start":{"line":31,"column":0},"end":{"line":31,"column":80}},"31":{"start":{"line":32,"column":0},"end":{"line":32,"column":0}},"32":{"start":{"line":33,"column":0},"end":{"line":33,"column":32}},"33":{"start":{"line":34,"column":0},"end":{"line":34,"column":96}},"34":{"start":{"line":35,"column":0},"end":{"line":35,"column":41}},"35":{"start":{"line":36,"column":0},"end":{"line":36,"column":75}},"36":{"start":{"line":37,"column":0},"end":{"line":37,"column":42}},"37":{"start":{"line":38,"column":0},"end":{"line":38,"column":82}},"38":{"start":{"line":39,"column":0},"end":{"line":39,"column":82}},"39":{"start":{"line":40,"column":0},"end":{"line":40,"column":82}},"40":{"start":{"line":41,"column":0},"end":{"line":41,"column":84}},"41":{"start":{"line":42,"column":0},"end":{"line":42,"column":20}},"42":{"start":{"line":43,"column":0},"end":{"line":43,"column":18}},"43":{"start":{"line":44,"column":0},"end":{"line":44,"column":0}},"44":{"start":{"line":45,"column":0},"end":{"line":45,"column":39}},"45":{"start":{"line":46,"column":0},"end":{"line":46,"column":54}},"46":{"start":{"line":47,"column":0},"end":{"line":47,"column":61}},"47":{"start":{"line":48,"column":0},"end":{"line":48,"column":55}},"48":{"start":{"line":49,"column":0},"end":{"line":49,"column":46}},"49":{"start":{"line":50,"column":0},"end":{"line":50,"column":86}},"50":{"start":{"line":51,"column":0},"end":{"line":51,"column":86}},"51":{"start":{"line":52,"column":0},"end":{"line":52,"column":86}},"52":{"start":{"line":53,"column":0},"end":{"line":53,"column":88}},"53":{"start":{"line":54,"column":0},"end":{"line":54,"column":24}},"54":{"start":{"line":55,"column":0},"end":{"line":55,"column":22}},"55":{"start":{"line":56,"column":0},"end":{"line":56,"column":17}},"56":{"start":{"line":57,"column":0},"end":{"line":57,"column":18}},"57":{"start":{"line":58,"column":0},"end":{"line":58,"column":16}},"58":{"start":{"line":59,"column":0},"end":{"line":59,"column":0}},"59":{"start":{"line":60,"column":0},"end":{"line":60,"column":46}},"60":{"start":{"line":61,"column":0},"end":{"line":61,"column":95}},"61":{"start":{"line":62,"column":0},"end":{"line":62,"column":40}},"62":{"start":{"line":63,"column":0},"end":{"line":63,"column":80}},"63":{"start":{"line":64,"column":0},"end":{"line":64,"column":80}},"64":{"start":{"line":65,"column":0},"end":{"line":65,"column":80}},"65":{"start":{"line":66,"column":0},"end":{"line":66,"column":80}},"66":{"start":{"line":67,"column":0},"end":{"line":67,"column":18}},"67":{"start":{"line":68,"column":0},"end":{"line":68,"column":16}},"68":{"start":{"line":69,"column":0},"end":{"line":69,"column":14}},"69":{"start":{"line":70,"column":0},"end":{"line":70,"column":12}},"70":{"start":{"line":71,"column":0},"end":{"line":71,"column":10}},"71":{"start":{"line":72,"column":0},"end":{"line":72,"column":4}},"72":{"start":{"line":73,"column":0},"end":{"line":73,"column":1}}},"s":{"0":0,"1":0,"2":0,"3":0,"4":0,"5":0,"6":0,"7":0,"8":0,"9":0,"10":0,"11":0,"12":0,"13":0,"14":0,"15":0,"16":0,"17":0,"18":0,"19":0,"20":0,"21":0,"22":0,"23":0,"24":0,"25":0,"26":0,"27":0,"28":0,"29":0,"30":0,"31":0,"32":0,"33":0,"34":0,"35":0,"36":0,"37":0,"38":0,"39":0,"40":0,"41":0,"42":0,"43":0,"44":0,"45":0,"46":0,"47":0,"48":0,"49":0,"50":0,"51":0,"52":0,"53":0,"54":0,"55":0,"56":0,"57":0,"58":0,"59":0,"60":0,"61":0,"62":0,"63":0,"64":0,"65":0,"66":0,"67":0,"68":0,"69":0,"70":0,"71":0,"72":0},"branchMap":{"0":{"type":"branch","line":1,"loc":{"start":{"line":1,"column":0},"end":{"line":73,"column":1}},"locations":[{"start":{"line":1,"column":0},"end":{"line":73,"column":1}}]}},"b":{"0":[0]},"fnMap":{"0":{"name":"(empty-report)","decl":{"start":{"line":1,"column":0},"end":{"line":73,"column":1}},"loc":{"start":{"line":1,"column":0},"end":{"line":73,"column":1}},"line":1}},"f":{"0":0}}
,"C:\\Users\\emumba\\Documents\\dev-plan\\virtual-table-v2\\apps\\shell\\components\\SearchBar.tsx": {"path":"C:\\Users\\emumba\\Documents\\dev-plan\\virtual-table-v2\\apps\\shell\\components\\SearchBar.tsx","all":false,"statementMap":{"0":{"start":{"line":1,"column":0},"end":{"line":1,"column":79}},"1":{"start":{"line":2,"column":0},"end":{"line":2,"column":23}},"2":{"start":{"line":3,"column":0},"end":{"line":3,"column":79}},"3":{"start":{"line":4,"column":0},"end":{"line":4,"column":71}},"4":{"start":{"line":5,"column":0},"end":{"line":5,"column":79}},"5":{"start":{"line":6,"column":0},"end":{"line":6,"column":0}},"6":{"start":{"line":7,"column":0},"end":{"line":7,"column":26}},"7":{"start":{"line":8,"column":0},"end":{"line":8,"column":0}},"8":{"start":{"line":9,"column":0},"end":{"line":9,"column":79}},"9":{"start":{"line":10,"column":0},"end":{"line":10,"column":18}},"10":{"start":{"line":11,"column":0},"end":{"line":11,"column":79}},"11":{"start":{"line":12,"column":0},"end":{"line":12,"column":0}},"12":{"start":{"line":13,"column":0},"end":{"line":13,"column":23}},"13":{"start":{"line":14,"column":0},"end":{"line":14,"column":59}},"14":{"start":{"line":15,"column":0},"end":{"line":15,"column":67}},"15":{"start":{"line":16,"column":0},"end":{"line":16,"column":67}},"16":{"start":{"line":17,"column":0},"end":{"line":17,"column":73}},"17":{"start":{"line":18,"column":0},"end":{"line":18,"column":2}},"18":{"start":{"line":19,"column":0},"end":{"line":19,"column":0}},"19":{"start":{"line":20,"column":0},"end":{"line":20,"column":79}},"20":{"start":{"line":21,"column":0},"end":{"line":21,"column":27}},"21":{"start":{"line":22,"column":0},"end":{"line":22,"column":79}},"22":{"start":{"line":23,"column":0},"end":{"line":23,"column":0}},"23":{"start":{"line":24,"column":0},"end":{"line":24,"column":3}},"24":{"start":{"line":25,"column":0},"end":{"line":25,"column":46}},"25":{"start":{"line":26,"column":0},"end":{"line":26,"column":3}},"26":{"start":{"line":27,"column":0},"end":{"line":27,"column":12}},"27":{"start":{"line":28,"column":0},"end":{"line":28,"column":44}},"28":{"start":{"line":29,"column":0},"end":{"line":29,"column":48}},"29":{"start":{"line":30,"column":0},"end":{"line":30,"column":34}},"30":{"start":{"line":31,"column":0},"end":{"line":31,"column":34}},"31":{"start":{"line":32,"column":0},"end":{"line":32,"column":3}},"32":{"start":{"line":33,"column":0},"end":{"line":33,"column":9}},"33":{"start":{"line":34,"column":0},"end":{"line":34,"column":9}},"34":{"start":{"line":35,"column":0},"end":{"line":35,"column":13}},"35":{"start":{"line":36,"column":0},"end":{"line":36,"column":24}},"36":{"start":{"line":37,"column":0},"end":{"line":37,"column":30}},"37":{"start":{"line":38,"column":0},"end":{"line":38,"column":43}},"38":{"start":{"line":39,"column":0},"end":{"line":39,"column":5}},"39":{"start":{"line":40,"column":0},"end":{"line":40,"column":6}},"40":{"start":{"line":41,"column":0},"end":{"line":41,"column":3}},"41":{"start":{"line":42,"column":0},"end":{"line":42,"column":27}},"42":{"start":{"line":43,"column":0},"end":{"line":43,"column":8}},"43":{"start":{"line":44,"column":0},"end":{"line":44,"column":11}},"44":{"start":{"line":45,"column":0},"end":{"line":45,"column":28}},"45":{"start":{"line":46,"column":0},"end":{"line":46,"column":17}},"46":{"start":{"line":47,"column":0},"end":{"line":47,"column":20}},"47":{"start":{"line":48,"column":0},"end":{"line":48,"column":10}},"48":{"start":{"line":49,"column":0},"end":{"line":49,"column":31}},"49":{"start":{"line":50,"column":0},"end":{"line":50,"column":12}},"50":{"start":{"line":51,"column":0},"end":{"line":51,"column":19}},"51":{"start":{"line":52,"column":0},"end":{"line":52,"column":33}},"52":{"start":{"line":53,"column":0},"end":{"line":53,"column":21}},"53":{"start":{"line":54,"column":0},"end":{"line":54,"column":50}},"54":{"start":{"line":55,"column":0},"end":{"line":55,"column":107}},"55":{"start":{"line":56,"column":0},"end":{"line":56,"column":27}},"56":{"start":{"line":57,"column":0},"end":{"line":57,"column":8}},"57":{"start":{"line":58,"column":0},"end":{"line":58,"column":10}},"58":{"start":{"line":59,"column":0},"end":{"line":59,"column":4}},"59":{"start":{"line":60,"column":0},"end":{"line":60,"column":1}}},"s":{"0":1,"1":1,"2":1,"3":1,"4":1,"5":1,"6":1,"7":1,"8":1,"9":1,"10":1,"11":1,"12":1,"13":1,"14":1,"15":1,"16":1,"17":1,"18":1,"19":1,"20":1,"21":1,"22":1,"23":1,"24":1,"25":1,"26":1,"27":1,"28":1,"29":1,"30":1,"31":1,"32":1,"33":1,"34":1,"35":1,"36":1,"37":1,"38":1,"39":1,"40":1,"41":1,"42":12,"43":12,"44":12,"45":12,"46":12,"47":12,"48":12,"49":12,"50":12,"51":12,"52":12,"53":12,"54":12,"55":12,"56":12,"57":12,"58":12,"59":12},"branchMap":{"0":{"type":"branch","line":42,"loc":{"start":{"line":42,"column":7},"end":{"line":60,"column":1}},"locations":[{"start":{"line":42,"column":7},"end":{"line":60,"column":1}}]},"1":{"type":"branch","line":54,"loc":{"start":{"line":54,"column":18},"end":{"line":54,"column":50}},"locations":[{"start":{"line":54,"column":18},"end":{"line":54,"column":50}}]}},"b":{"0":[12],"1":[21]},"fnMap":{"0":{"name":"SearchBar","decl":{"start":{"line":42,"column":7},"end":{"line":60,"column":1}},"loc":{"start":{"line":42,"column":7},"end":{"line":60,"column":1}},"line":42},"1":{"name":"onChange","decl":{"start":{"line":54,"column":18},"end":{"line":54,"column":50}},"loc":{"start":{"line":54,"column":18},"end":{"line":54,"column":50}},"line":54}},"f":{"0":12,"1":21}}
,"C:\\Users\\emumba\\Documents\\dev-plan\\virtual-table-v2\\apps\\shell\\components\\TableHeader.tsx": {"path":"C:\\Users\\emumba\\Documents\\dev-plan\\virtual-table-v2\\apps\\shell\\components\\TableHeader.tsx","all":false,"statementMap":{"0":{"start":{"line":1,"column":0},"end":{"line":1,"column":79}},"1":{"start":{"line":2,"column":0},"end":{"line":2,"column":25}},"2":{"start":{"line":3,"column":0},"end":{"line":3,"column":79}},"3":{"start":{"line":4,"column":0},"end":{"line":4,"column":64}},"4":{"start":{"line":5,"column":0},"end":{"line":5,"column":79}},"5":{"start":{"line":6,"column":0},"end":{"line":6,"column":0}},"6":{"start":{"line":7,"column":0},"end":{"line":7,"column":26}},"7":{"start":{"line":8,"column":0},"end":{"line":8,"column":59}},"8":{"start":{"line":9,"column":0},"end":{"line":9,"column":0}},"9":{"start":{"line":10,"column":0},"end":{"line":10,"column":79}},"10":{"start":{"line":11,"column":0},"end":{"line":11,"column":18}},"11":{"start":{"line":12,"column":0},"end":{"line":12,"column":79}},"12":{"start":{"line":13,"column":0},"end":{"line":13,"column":0}},"13":{"start":{"line":14,"column":0},"end":{"line":14,"column":28}},"14":{"start":{"line":15,"column":0},"end":{"line":15,"column":60}},"15":{"start":{"line":16,"column":0},"end":{"line":16,"column":69}},"16":{"start":{"line":17,"column":0},"end":{"line":17,"column":64}},"17":{"start":{"line":18,"column":0},"end":{"line":18,"column":78}},"18":{"start":{"line":19,"column":0},"end":{"line":19,"column":2}},"19":{"start":{"line":20,"column":0},"end":{"line":20,"column":0}},"20":{"start":{"line":21,"column":0},"end":{"line":21,"column":79}},"21":{"start":{"line":22,"column":0},"end":{"line":22,"column":27}},"22":{"start":{"line":23,"column":0},"end":{"line":23,"column":79}},"23":{"start":{"line":24,"column":0},"end":{"line":24,"column":0}},"24":{"start":{"line":25,"column":0},"end":{"line":25,"column":3}},"25":{"start":{"line":26,"column":0},"end":{"line":26,"column":56}},"26":{"start":{"line":27,"column":0},"end":{"line":27,"column":3}},"27":{"start":{"line":28,"column":0},"end":{"line":28,"column":12}},"28":{"start":{"line":29,"column":0},"end":{"line":29,"column":25}},"29":{"start":{"line":30,"column":0},"end":{"line":30,"column":26}},"30":{"start":{"line":31,"column":0},"end":{"line":31,"column":46}},"31":{"start":{"line":32,"column":0},"end":{"line":32,"column":3}},"32":{"start":{"line":33,"column":0},"end":{"line":33,"column":25}},"33":{"start":{"line":34,"column":0},"end":{"line":34,"column":12}},"34":{"start":{"line":35,"column":0},"end":{"line":35,"column":8}},"35":{"start":{"line":36,"column":0},"end":{"line":36,"column":5}},"36":{"start":{"line":37,"column":0},"end":{"line":37,"column":21}},"37":{"start":{"line":38,"column":0},"end":{"line":38,"column":24}},"38":{"start":{"line":39,"column":0},"end":{"line":39,"column":4}},"39":{"start":{"line":40,"column":0},"end":{"line":40,"column":29}},"40":{"start":{"line":41,"column":0},"end":{"line":41,"column":69}},"41":{"start":{"line":42,"column":0},"end":{"line":42,"column":1}},"42":{"start":{"line":43,"column":0},"end":{"line":43,"column":0}},"43":{"start":{"line":44,"column":0},"end":{"line":44,"column":79}},"44":{"start":{"line":45,"column":0},"end":{"line":45,"column":27}},"45":{"start":{"line":46,"column":0},"end":{"line":46,"column":79}},"46":{"start":{"line":47,"column":0},"end":{"line":47,"column":0}},"47":{"start":{"line":48,"column":0},"end":{"line":48,"column":3}},"48":{"start":{"line":49,"column":0},"end":{"line":49,"column":47}},"49":{"start":{"line":50,"column":0},"end":{"line":50,"column":3}},"50":{"start":{"line":51,"column":0},"end":{"line":51,"column":12}},"51":{"start":{"line":52,"column":0},"end":{"line":52,"column":52}},"52":{"start":{"line":53,"column":0},"end":{"line":53,"column":44}},"53":{"start":{"line":54,"column":0},"end":{"line":54,"column":32}},"54":{"start":{"line":55,"column":0},"end":{"line":55,"column":31}},"55":{"start":{"line":56,"column":0},"end":{"line":56,"column":3}},"56":{"start":{"line":57,"column":0},"end":{"line":57,"column":9}},"57":{"start":{"line":58,"column":0},"end":{"line":58,"column":9}},"58":{"start":{"line":59,"column":0},"end":{"line":59,"column":15}},"59":{"start":{"line":60,"column":0},"end":{"line":60,"column":29}},"60":{"start":{"line":61,"column":0},"end":{"line":61,"column":22}},"61":{"start":{"line":62,"column":0},"end":{"line":62,"column":20}},"62":{"start":{"line":63,"column":0},"end":{"line":63,"column":24}},"63":{"start":{"line":64,"column":0},"end":{"line":64,"column":5}},"64":{"start":{"line":65,"column":0},"end":{"line":65,"column":6}},"65":{"start":{"line":66,"column":0},"end":{"line":66,"column":3}},"66":{"start":{"line":67,"column":0},"end":{"line":67,"column":32}}
[...]
mn":0},"end":{"line":249,"column":76}},"249":{"start":{"line":250,"column":0},"end":{"line":250,"column":62}},"250":{"start":{"line":251,"column":0},"end":{"line":251,"column":6}},"251":{"start":{"line":252,"column":0},"end":{"line":252,"column":77}},"252":{"start":{"line":253,"column":0},"end":{"line":253,"column":0}},"253":{"start":{"line":254,"column":0},"end":{"line":254,"column":79}},"254":{"start":{"line":255,"column":0},"end":{"line":255,"column":35}},"255":{"start":{"line":256,"column":0},"end":{"line":256,"column":79}},"256":{"start":{"line":257,"column":0},"end":{"line":257,"column":65}},"257":{"start":{"line":258,"column":0},"end":{"line":258,"column":65}},"258":{"start":{"line":259,"column":0},"end":{"line":259,"column":4}},"259":{"start":{"line":260,"column":0},"end":{"line":260,"column":13}},"260":{"start":{"line":261,"column":0},"end":{"line":261,"column":50}},"261":{"start":{"line":262,"column":0},"end":{"line":262,"column":34}},"262":{"start":{"line":263,"column":0},"end":{"line":263,"column":55}},"263":{"start":{"line":264,"column":0},"end":{"line":264,"column":51}},"264":{"start":{"line":265,"column":0},"end":{"line":265,"column":4}},"265":{"start":{"line":266,"column":0},"end":{"line":266,"column":76}},"266":{"start":{"line":267,"column":0},"end":{"line":267,"column":53}},"267":{"start":{"line":268,"column":0},"end":{"line":268,"column":58}},"268":{"start":{"line":269,"column":0},"end":{"line":269,"column":37}},"269":{"start":{"line":270,"column":0},"end":{"line":270,"column":73}},"270":{"start":{"line":271,"column":0},"end":{"line":271,"column":64}},"271":{"start":{"line":272,"column":0},"end":{"line":272,"column":0}},"272":{"start":{"line":273,"column":0},"end":{"line":273,"column":79}},"273":{"start":{"line":274,"column":0},"end":{"line":274,"column":33}},"274":{"start":{"line":275,"column":0},"end":{"line":275,"column":79}},"275":{"start":{"line":276,"column":0},"end":{"line":276,"column":66}},"276":{"start":{"line":277,"column":0},"end":{"line":277,"column":4}},"277":{"start":{"line":278,"column":0},"end":{"line":278,"column":67}},"278":{"start":{"line":279,"column":0},"end":{"line":279,"column":74}},"279":{"start":{"line":280,"column":0},"end":{"line":280,"column":71}},"280":{"start":{"line":281,"column":0},"end":{"line":281,"column":71}},"281":{"start":{"line":282,"column":0},"end":{"line":282,"column":4}},"282":{"start":{"line":283,"column":0},"end":{"line":283,"column":31}},"283":{"start":{"line":284,"column":0},"end":{"line":284,"column":65}},"284":{"start":{"line":285,"column":0},"end":{"line":285,"column":64}},"285":{"start":{"line":286,"column":0},"end":{"line":286,"column":64}},"286":{"start":{"line":287,"column":0},"end":{"line":287,"column":66}},"287":{"start":{"line":288,"column":0},"end":{"line":288,"column":4}},"288":{"start":{"line":289,"column":0},"end":{"line":289,"column":20}},"289":{"start":{"line":290,"column":0},"end":{"line":290,"column":23}},"290":{"start":{"line":291,"column":0},"end":{"line":291,"column":37}},"291":{"start":{"line":292,"column":0},"end":{"line":292,"column":67}},"292":{"start":{"line":293,"column":0},"end":{"line":293,"column":36}},"293":{"start":{"line":294,"column":0},"end":{"line":294,"column":67}},"294":{"start":{"line":295,"column":0},"end":{"line":295,"column":48}},"295":{"start":{"line":296,"column":0},"end":{"line":296,"column":66}},"296":{"start":{"line":297,"column":0},"end":{"line":297,"column":4}},"297":{"start":{"line":298,"column":0},"end":{"line":298,"column":69}},"298":{"start":{"line":299,"column":0},"end":{"line":299,"column":69}},"299":{"start":{"line":300,"column":0},"end":{"line":300,"column":75}},"300":{"start":{"line":301,"column":0},"end":{"line":301,"column":54}},"301":{"start":{"line":302,"column":0},"end":{"line":302,"column":74}},"302":{"start":{"line":303,"column":0},"end":{"line":303,"column":66}},"303":{"start":{"line":304,"column":0},"end":{"line":304,"column":0}},"304":{"start":{"line":305,"column":0},"end":{"line":305,"column":58}},"305":{"start":{"line":306,"column":0},"end":{"line":306,"column":81}},"306":{"start":{"line":307,"column":0},"end":{"line":307,"column":39}},"307":{"start":{"line":308,"column":0},"end":{"line":308,"column":43}},"308":{"start":{"line":309,"column":0},"end":{"line":309,"column":5}},"309":{"start":{"line":310,"column":0},"end":{"line":310,"column":0}},"310":{"start":{"line":311,"column":0},"end":{"line":311,"column":38}},"311":{"start":{"line":312,"column":0},"end":{"line":312,"column":80}},"312":{"start":{"line":313,"column":0},"end":{"line":313,"column":50}},"313":{"start":{"line":314,"column":0},"end":{"line":314,"column":48}},"314":{"start":{"line":315,"column":0},"end":{"line":315,"column":75}},"315":{"start":{"line":316,"column":0},"end":{"line":316,"column":76}},"316":{"start":{"line":317,"column":0},"end":{"line":317,"column":7}},"317":{"start":{"line":318,"column":0},"end":{"line":318,"column":63}},"318":{"start":{"line":319,"column":0},"end":{"line":319,"column":0}},"319":{"start":{"line":320,"column":0},"end":{"line":320,"column":79}},"320":{"start":{"line":321,"column":0},"end":{"line":321,"column":55}},"321":{"start":{"line":322,"column":0},"end":{"line":322,"column":79}},"322":{"start":{"line":323,"column":0},"end":{"line":323,"column":73}},"323":{"start":{"line":324,"column":0},"end":{"line":324,"column":4}},"324":{"start":{"line":325,"column":0},"end":{"line":325,"column":15}},"325":{"start":{"line":326,"column":0},"end":{"line":326,"column":62}},"326":{"start":{"line":327,"column":0},"end":{"line":327,"column":61}},"327":{"start":{"line":328,"column":0},"end":{"line":328,"column":63}},"328":{"start":{"line":329,"column":0},"end":{"line":329,"column":4}},"329":{"start":{"line":330,"column":0},"end":{"line":330,"column":13}},"330":{"start":{"line":331,"column":0},"end":{"line":331,"column":31}},"331":{"start":{"line":332,"column":0},"end":{"line":332,"column":30}},"332":{"start":{"line":333,"column":0},"end":{"line":333,"column":40}},"333":{"start":{"line":334,"column":0},"end":{"line":334,"column":42}},"334":{"start":{"line":335,"column":0},"end":{"line":335,"column":26}},"335":{"start":{"line":336,"column":0},"end":{"line":336,"column":30}},"336":{"start":{"line":337,"column":0},"end":{"line":337,"column":40}},"337":{"start":{"line":338,"column":0},"end":{"line":338,"column":42}},"338":{"start":{"line":339,"column":0},"end":{"line":339,"column":38}},"339":{"start":{"line":340,"column":0},"end":{"line":340,"column":4}},"340":{"start":{"line":341,"column":0},"end":{"line":341,"column":19}},"341":{"start":{"line":342,"column":0},"end":{"line":342,"column":63}},"342":{"start":{"line":343,"column":0},"end":{"line":343,"column":66}},"343":{"start":{"line":344,"column":0},"end":{"line":344,"column":62}},"344":{"start":{"line":345,"column":0},"end":{"line":345,"column":19}},"345":{"start":{"line":346,"column":0},"end":{"line":346,"column":50}},"346":{"start":{"line":347,"column":0},"end":{"line":347,"column":13}},"347":{"start":{"line":348,"column":0},"end":{"line":348,"column":5}},"348":{"start":{"line":349,"column":0},"end":{"line":349,"column":0}},"349":{"start":{"line":350,"column":0},"end":{"line":350,"column":69}},"350":{"start":{"line":351,"column":0},"end":{"line":351,"column":79}},"351":{"start":{"line":352,"column":0},"end":{"line":352,"column":53}},"352":{"start":{"line":353,"column":0},"end":{"line":353,"column":0}},"353":{"start":{"line":354,"column":0},"end":{"line":354,"column":40}},"354":{"start":{"line":355,"column":0},"end":{"line":355,"column":52}},"355":{"start":{"line":356,"column":0},"end":{"line":356,"column":0}},"356":{"start":{"line":357,"column":0},"end":{"line":357,"column":43}},"357":{"start":{"line":358,"column":0},"end":{"line":358,"column":31}},"358":{"start":{"line":359,"column":0},"end":{"line":359,"column":76}},"359":{"start":{"line":360,"column":0},"end":{"line":360,"column":0}},"360":{"start":{"line":361,"column":0},"end":{"line":361,"column":79}},"361":{"start":{"line":362,"column":0},"end":{"line":362,"column":44}},"362":{"start":{"line":363,"column":0},"end":{"line":363,"column":79}},"363":{"start":{"line":364,"column":0},"end":{"line":364,"column":80}},"364":{"start":{"line":365,"column":0},"end":{"line":365,"column":4}},"365":{"start":{"line":366,"column":0},"end":{"line":366,"column":22}},"366":{"start":{"line":367,"column":0},"end":{"line":367,"column":79}},"367":{"start":{"line":368,"column":0},"end":{"line":368,"column":75}},"368":{"start":{"line":369,"column":0},"end":{"line":369,"column":59}},"369":{"start":{"line":370,"column":0},"end":{"line":370,"column":61}},"370":{"start":{"line":371,"column":0},"end":{"line":371,"column":4}},"371":{"start":{"line":372,"column":0},"end":{"line":372,"column":20}},"372":{"start":{"line":373,"column":0},"end":{"line":373,"column":69}},"373":{"start":{"line":374,"column":0},"end":{"line":374,"column":57}},"374":{"start":{"line":375,"column":0},"end":{"line":375,"column":60}},"375":{"start":{"line":376,"column":0},"end":{"line":376,"column":48}},"376":{"start":{"line":377,"column":0},"end":{"line":377,"column":61}},"377":{"start":{"line":378,"column":0},"end":{"line":378,"column":4}},"378":{"start":{"line":379,"column":0},"end":{"line":379,"column":67}},"379":{"start":{"line":380,"column":0},"end":{"line":380,"column":88}},"380":{"start":{"line":381,"column":0},"end":{"line":381,"column":18}},"381":{"start":{"line":382,"column":0},"end":{"line":382,"column":38}},"382":{"start":{"line":383,"column":0},"end":{"line":383,"column":42}},"383":{"start":{"line":384,"column":0},"end":{"line":384,"column":0}},"384":{"start":{"line":385,"column":0},"end":{"line":385,"column":36}},"385":{"start":{"line":386,"column":0},"end":{"line":386,"column":60}},"386":{"start":{"line":387,"column":0},"end":{"line":387,"column":0}},"387":{"start":{"line":388,"column":0},"end":{"line":388,"column":42}},"388":{"start":{"line":389,"column":0},"end":{"line":389,"column":23}},"389":{"start":{"line":390,"column":0},"end":{"line":390,"column":50}},"390":{"start":{"line":391,"column":0},"end":{"line":391,"column":7}},"391":{"start":{"line":392,"column":0},"end":{"line":392,"column":5}},"392":{"start":{"line":393,"column":0},"end":{"line":393,"column":9}},"393":{"start":{"line":394,"column":0},"end":{"line":394,"column":0}},"394":{"start":{"line":395,"column":0},"end":{"line":395,"column":79}},"395":{"start":{"line":396,"column":0},"end":{"line":396,"column":46}},"396":{"start":{"line":397,"column":0},"end":{"line":397,"column":79}},"397":{"start":{"line":398,"column":0},"end":{"line":398,"column":69}},"398":{"start":{"line":399,"column":0},"end":{"line":399,"column":56}},"399":{"start":{"line":400,"column":0},"end":{"line":400,"column":19}},"400":{"start":{"line":401,"column":0},"end":{"line":401,"column":31}},"401":{"start":{"line":402,"column":0},"end":{"line":402,"column":60}},"402":{"start":{"line":403,"column":0},"end":{"line":403,"column":5}},"403":{"start":{"line":404,"column":0},"end":{"line":404,"column":9}},"404":{"start":{"line":405,"column":0},"end":{"line":405,"column":0}},"405":{"start":{"line":406,"column":0},"end":{"line":406,"column":79}},"406":{"start":{"line":407,"column":0},"end":{"line":407,"column":35}},"407":{"start":{"line":408,"column":0},"end":{"line":408,"column":79}},"408":{"start":{"line":409,"column":0},"end":{"line":409,"column":58}},"409":{"start":{"line":410,"column":0},"end":{"line":410,"column":10}},"410":{"start":{"line":411,"column":0},"end":{"line":411,"column":63}},"411":{"start":{"line":412,"column":0},"end":{"line":412,"column":52}},"412":{"start":{"line":413,"column":0},"end":{"line":413,"column":69}},"413":{"start":{"line":414,"column":0},"end":{"line":414,"column":75}},"414":{"start":{"line":415,"column":0},"end":{"line":415,"column":64}},"415":{"start":{"line":416,"column":0},"end":{"line":416,"column":4}},"416":{"start":{"line":417,"column":0},"end":{"line":417,"column":1}}},"s":{"0":1,"1":1,"2":1,"3":1,"4":1,"5":1,"6":1,"7":1,"8":1,"9":1,"10":1,"11":1,"12":1,"13":1,"14":1,"15":1,"16":1,"17":1,"18":1,"19":1,"20":1,"21":1,"22":1,"23":1,"24":1,"25":1,"26":1,"27":1,"28":1,"29":1,"30":1,"31":1,"32":1,"33":1,"34":1,"35":1,"36":31,"37":31,"38":31,"39":31,"40":31,"41":31,"42":31,"43":31,"44":31,"45":31,"46":31,"47":31,"48":31,"49":31,"50":31,"51":31,"52":31,"53":31,"54":31,"55":31,"56":31,"57":31,"58":31,"59":31,"60":31,"61":31,"62":31,"63":31,"64":31,"65":31,"66":31,"67":31,"68":31,"69":31,"70":31,"71":31,"72":31,"73":31,"74":31,"75":31,"76":31,"77":31,"78":31,"79":31,"80":31,"81":31,"82":31,"83":31,"84":31,"85":31,"86":31,"87":31,"88":31,"89":31,"90":31,"91":31,"92":31,"93":685,"94":685,"95":685,"96":0,"97":0,"98":685,"99":685,"100":685,"101":685,"102":21,"103":21,"104":21,"105":21,"106":21,"107":664,"108":664,"109":664,"110":664,"111":31,"112":31,"113":31,"114":31,"115":31,"116":31,"117":31,"118":31,"119":31,"120":31,"121":31,"122":31,"123":31,"124":31,"125":31,"126":31,"127":31,"128":31,"129":31,"130":31,"131":31,"132":31,"133":31,"134":31,"135":31,"136":31,"137":31,"138":31,"139":31,"140":31,"141":31,"142":31,"143":31,"144":31,"145":31,"146":31,"147":31,"148":31,"149":31,"150":31,"151":31,"152":31,"153":31,"154":31,"155":31,"156":31,"157":31,"158":31,"159":28,"160":28,"161":28,"162":28,"163":28,"164":28,"165":28,"166":28,"167":28,"168":28,"169":0,"170":0,"171":0,"172":31,"173":31,"174":31,"175":31,"176":31,"177":31,"178":31,"179":31,"180":31,"181":31,"182":31,"183":31,"184":31,"185":31,"186":31,"187":31,"188":31,"189":31,"190":31,"191":31,"192":142,"193":142,"194":142,"195":142,"196":142,"197":142,"198":14,"199":14,"200":14,"201":14,"202":142,"203":31,"204":31,"205":31,"206":17,"207":17,"208":31,"209":31,"210":31,"211":31,"212":31,"213":31,"214":31,"215":31,"216":31,"217":31,"218":31,"219":31,"220":31,"221":31,"222":31,"223":31,"224":31,"225":31,"226":31,"227":31,"228":31,"229":31,"230":31,"231":31,"232":31,"233":515,"234":515,"235":515,"236":515,"237":515,"238":515,"239":515,"240":515,"241":31,"242":31,"243":31,"244":31,"245":31,"246":31,"247":31,"248":31,"249":31,"250":31,"251":31,"252":31,"253":31,"254":31,"255":31,"256":31,"257":31,"258":31,"259":31,"260":31,"261":31,"262":31,"263":31,"264":31,"265":31,"266":31,"267":31,"268":31,"269":21,"270":31,"271":31,"272":31,"273":31,"274":31,"275":31,"276":31,"277":31,"278":31,"279":31,"280":31,"281":31,"282":31,"283":31,"284":31,"285":31,"286":31,"287":31,"288":31,"289":31,"290":31,"291":31,"292":31,"293":31,"294":31,"295":31,"296":31,"297":31,"298":31,"299":31,"300":31,"301":31,"302":0,"303":0,"304":0,"305":0,"306":0,"307":0,"308":0,"309":0,"310":0,"311":0,"312":0,"313":0,"314":0,"315":0,"316":0,"317":31,"318":31,"319":31,"320":31,"321":31,"322":31,"323":31,"324":31,"325":31,"326":31,"327":31,"328":31,"329":31,"330":31,"331":31,"332":31,"333":31,"334":31,"335":31,"336":31,"337":31,"338":31,"339":31,"340":31,"341":31,"342":31,"343":31,"344":31,"345":21,"346":21,"347":21,"348":0,"349":0,"350":0,"351":0,"352":0,"353":0,"354":0,"355":0,"356":0,"357":0,"358":31,"359":31,"360":31,"361":31,"362":31,"363":31,"364":31,"365":31,"366":31,"367":31,"368":31,"369":31,"370":31,"371":31,"372":31,"373":31,"374":31,"375":31,"376":31,"377":31,"378":31,"379":31,"380":108,"381":54,"382":54,"383":54,"384":54,"385":54,"386":54,"387":54,"388":54,"389":0,"390":0,"391":54,"392":31,"393":31,"394":31,"395":31,"396":31,"397":31,"398":31,"399":31,"400":20,"401":10,"402":10,"403":31,"404":31,"405":31,"406":31,"407":31,"408":31,"409":31,"410":31,"411":31,"412":31,"413":31,"414":31,"415":31,"416":31},"branchMap":{"0":{"type":"branch","line":36,"loc":{"start":{"line":36,"column":7},"end":{"line":417,"column":1}},"locations":[{"start":{"line":36,"column":7},"end":{"line":417,"column":1}}]},"1":{"type":"branch","line":93,"loc":{"start":{"line":93,"column":52},"end":{"line":112,"column":5}},"locations":[{"start":{"line":93,"column":52},"end":{"line":112,"column":5}}]},"2":{"type":"branch","line":96,"loc":{"start":{"line":96,"column":30},"end":{"line":98,"column":5}},"locations":[{"start":{"line":96,"column":30},"end":{"line":98,"column":5}}]},"3":{"type":"branch","line":102,"loc":{"start":{"line":102,"column":27},"end":{"line":107,"column":5}},"locations":[{"start":{"line":102,"column":27},"end":{"line":107,"column":5}}]},"4":{"type":"branch","line":107,"loc":{"start":{"line":107,"column":4},"end":{"line":112,"column":5}},"locations":[{"start":{"line":107,"column":4},"end":{"line":112,"column":5}}]},"5":{"type":"branch","line":103,"loc":{"start":{"line":103,"column":30},"end":{"line":103,"column":59}},"locations":[{"start":{"line":103,"column":30},"end":{"line":103,"column":59}}]},"6":{"type":"branch","line":134,"loc":{"start":{"line":134,"column":47},"end":{"line":252,"column":5}},"locations":[{"start":{"line":134,"column":47},"end":{"line":252,"column":5}}]},"7":{"type":"branch","line":159,"loc":{"start":{"line":159,"column":43},"end":{"line":172,"column":5}},"locations":[{"start":{"line":159,"column":43},"end":{"line":172,"column":5}}]},"8":{"type":"branch","line":169,"loc":{"start":{"line":169,"column":6},"end":{"line":172,"column":5}},"locations":[{"start":{"line":169,"column":6},"end":{"line":172,"column":5}}]},"9":{"type":"branch","line":192,"loc":{"start":{"line":192,"column":43},"end":{"line":203,"column":5}},"locations":[{"start":{"line":192,"column":43},"end":{"line":203,"column":5}}]},"10":{"type":"branch","line":198,"loc":{"start":{"line":198,"column":55},"end":{"line":202,"column":7}},"locations":[{"start":{"line":198,"column":55},"end":{"line":202,"column":7}}]},"11":{"type":"branch","line":206,"loc":{"start":{"line":206,"column":24},"end":{"line":208,"column":5}},"locations":[{"start":{"line":206,"column":24},"end":{"line":208,"column":5}}]},"12":{"type":"branch","line":233,"loc":{"start":{"line":233,"column":43},"end":{"line":241,"column":5}},"locations":[{"start":{"line":233,"column":43},"end":{"line":241,"column":5}}]},"13":{"type":"branch","line":269,"loc":{"start":{"line":269,"column":30},"end":{"line":271,"column":5}},"locations":[{"start":{"line":269,"column":30},"end":{"line":271,"column":5}}]},"14":{"type":"branch","line":345,"loc":{"start":{"line":345,"column":12},"end":{"line":359,"column":5}},"locations":[{"start":{"line":345,"column":12},"end":{"line":359,"column":5}}]},"15":{"type":"branch","line":346,"loc":{"start":{"line":346,"column":9},"end":{"line":346,"column":49}},"locations":[{"start":{"line":346,"column":9},"end":{"line":346,"column":49}}]},"16":{"type":"branch","line":348,"loc":{"start":{"line":348,"column":4},"end":{"line":359,"column":5}},"locations":[{"start":{"line":348,"column":4},"end":{"line":359,"column":5}}]},"17":{"type":"branch","line":380,"loc":{"start":{"line":380,"column":39},"end":{"line":393,"column":5}},"locations":[{"start":{"line":380,"column":39},"end":{"line":393,"column":5}}]},"18":{"type":"branch","line":381,"loc":{"start":{"line":381,"column":17},"end":{"line":392,"column":5}},"locations":[{"start":{"line":381,"column":17},"end":{"line":392,"column":5}}]},"19":{"type":"branch","line":389,"loc":{"start":{"line":389,"column":22},"end":{"line":391,"column":7}},"locations":[{"start":{"line":389,"column":22},"end":{"line":391,"column":7}}]},"20":{"type":"branch","line":400,"loc":{"start":{"line":400,"column":12},"end":{"line":404,"column":5}},"locations":[{"start":{"line":400,"column":12},"end":{"line":404,"column":5}}]},"21":{"type":"branch","line":401,"loc":{"start":{"line":401,"column":30},"end":{"line":403,"column":5}},"locations":[{"start":{"line":401,"column":30},"end":{"line":403,"column":5}}]}},"b":{"0":[31],"1":[685],"2":[0],"3":[21],"4":[664],"5":[111],"6":[31],"7":[28],"8":[0],"9":[142],"10":[14],"11":[17],"12":[515],"13":[21],"14":[21],"15":[0],"16":[0],"17":[108],"18":[54],"19":[0],"20":[20],"21":[10]},"fnMap":{"0":{"name":"useVirtualization","decl":{"start":{"line":36,"column":7},"end":{"line":417,"column":1}},"loc":{"start":{"line":36,"column":7},"end":{"line":417,"column":1}},"line":36}},"f":{"0":31}}
}
